#
# There is insufficient memory for the Java Runtime Environment to continue.
# Native memory allocation (mmap) failed to map 218103808 bytes for committing reserved memory.
# Possible reasons:
#   The system is out of physical RAM or swap space
#   The process is running with CompressedOops enabled, and the Java Heap may be blocking the growth of the native heap
# Possible solutions:
#   Reduce memory load on the system
#   Increase physical memory or swap space
#   Check if swap backing store is full
#   Decrease Java heap size (-Xmx/-Xms)
#   Decrease number of Java threads
#   Decrease Java thread stack sizes (-Xss)
#   Set larger code cache with -XX:ReservedCodeCacheSize=
#   JVM is running with Unscaled Compressed Oops mode in which the Java heap is
#     placed in the first 4GB address space. The Java Heap base address is the
#     maximum limit for the native heap growth. Please use -XX:HeapBaseMinAddress
#     to set the Java Heap base and to place the Java Heap above 4GB virtual address.
# This output file may be truncated or incomplete.
#
#  Out of Memory Error (os_linux.cpp:2866), pid=27962, tid=27973
#
# JRE version: OpenJDK Runtime Environment (11.0.7+10) (build 11.0.7+10-post-Ubuntu-2ubuntu218.04)
# Java VM: OpenJDK 64-Bit Server VM (11.0.7+10-post-Ubuntu-2ubuntu218.04, mixed mode, sharing, tiered, compressed oops, g1 gc, linux-amd64)
# Core dump will be written. Default location: Core dumps may be processed with "/usr/share/apport/apport %p %s %c %d %P %E" (or dumping to /home/mobicomp/Music/Ideation-Backend/Book-Store-Application/core.27962)
#

---------------  S U M M A R Y ------------

Command Line: -Dcom.sun.management.jmxremote -Dcom.sun.management.jmxremote.port=35009 -Dcom.sun.management.jmxremote.authenticate=false -Dcom.sun.management.jmxremote.ssl=false -Djava.rmi.server.hostname=localhost -Dspring.jmx.enabled=true -Dspring.application.admin.enabled=true -Xverify:none -XX:TieredStopAtLevel=1 -Dspring.boot.project.name=Book-Store-Application -Dfile.encoding=UTF-8 com.bridgelabz.bookstore.BookStoreApplication --spring.output.ansi.enabled=always

Host: Intel(R) Celeron(R) N4000 CPU @ 1.10GHz, 2 cores, 7G, Ubuntu 18.04.1 LTS
Time: Mon Jun 29 21:19:31 2020 IST elapsed time: 22 seconds (0d 0h 0m 22s)

---------------  T H R E A D  ---------------

Current thread (0x00007f89b4104000):  VMThread "VM Thread" [stack: 0x00007f899855a000,0x00007f899865a000] [id=27973]

Stack: [0x00007f899855a000,0x00007f899865a000],  sp=0x00007f8998657e40,  free space=1015k
Native frames: (J=compiled Java code, A=aot compiled Java code, j=interpreted, Vv=VM code, C=native code)
V  [libjvm.so+0xdf8009]
V  [libjvm.so+0xdf8c9b]
V  [libjvm.so+0x6514e5]
V  [libjvm.so+0xbcfd48]
V  [libjvm.so+0xbc739d]
V  [libjvm.so+0x77034f]
V  [libjvm.so+0x7705be]
V  [libjvm.so+0x77c630]
V  [libjvm.so+0x7f8339]
V  [libjvm.so+0x7f8f92]
V  [libjvm.so+0x7f93f9]
V  [libjvm.so+0x72ea4f]
V  [libjvm.so+0x73374a]
V  [libjvm.so+0xe03291]
V  [libjvm.so+0xdfa8d8]
V  [libjvm.so+0xe00a96]
V  [libjvm.so+0xe00fa0]
V  [libjvm.so+0xe01423]
V  [libjvm.so+0xd85acf]
V  [libjvm.so+0xbd59de]

VM_Operation (0x00007f89baffad70): G1CollectForAllocation, mode: safepoint, requested by thread 0x00007f89b401d800


---------------  P R O C E S S  ---------------

Threads class SMR info:
_java_thread_list=0x00007f89580088c0, length=24, elements={
0x00007f89b401d800, 0x00007f89b4107000, 0x00007f89b4109000, 0x00007f89b410e800,
0x00007f89b4110800, 0x00007f89b4112800, 0x00007f89b4120800, 0x00007f89b414f000,
0x00007f89b4c16800, 0x00007f89b4c1d000, 0x00007f89b4c36800, 0x00007f8968001000,
0x00007f8968003000, 0x00007f8958001800, 0x00007f895c007800, 0x00007f8958003800,
0x00007f8974010800, 0x00007f8970011000, 0x00007f8968012800, 0x00005629909b2800,
0x00007f8984001800, 0x00007f89b4dcc000, 0x00007f8958005800, 0x00007f8958007000
}

Java Threads: ( => current thread )
  0x00007f89b401d800 JavaThread "main" [_thread_blocked, id=27963, stack(0x00007f89baefd000,0x00007f89baffe000)]
  0x00007f89b4107000 JavaThread "Reference Handler" daemon [_thread_blocked, id=27974, stack(0x00007f8998457000,0x00007f8998558000)]
  0x00007f89b4109000 JavaThread "Finalizer" daemon [_thread_blocked, id=27975, stack(0x00007f8998356000,0x00007f8998457000)]
  0x00007f89b410e800 JavaThread "Signal Dispatcher" daemon [_thread_blocked, id=27976, stack(0x00007f8998255000,0x00007f8998356000)]
  0x00007f89b4110800 JavaThread "C1 CompilerThread0" daemon [_thread_blocked, id=27977, stack(0x00007f8998154000,0x00007f8998255000)]
  0x00007f89b4112800 JavaThread "Sweeper thread" daemon [_thread_blocked, id=27978, stack(0x00007f8998053000,0x00007f8998154000)]
  0x00007f89b4120800 JavaThread "Common-Cleaner" daemon [_thread_blocked, id=27979, stack(0x00007f899018f000,0x00007f8990290000)]
  0x00007f89b414f000 JavaThread "Service Thread" daemon [_thread_blocked, id=27980, stack(0x00007f899008e000,0x00007f899018f000)]
  0x00007f89b4c16800 JavaThread "RMI TCP Accept-0" daemon [_thread_in_native, id=27982, stack(0x00007f89821f8000,0x00007f89822f9000)]
  0x00007f89b4c1d000 JavaThread "RMI TCP Accept-35009" daemon [_thread_in_native, id=27983, stack(0x00007f89820f7000,0x00007f89821f8000)]
  0x00007f89b4c36800 JavaThread "RMI TCP Accept-0" daemon [_thread_in_native, id=27984, stack(0x00007f8981ff6000,0x00007f89820f7000)]
  0x00007f8968001000 JavaThread "Attach Listener" daemon [_thread_blocked, id=27988, stack(0x00007f8981df3000,0x00007f8981ef4000)]
  0x00007f8968003000 JavaThread "Attach Listener" daemon [_thread_blocked, id=27989, stack(0x00007f8981cf2000,0x00007f8981df3000)]
  0x00007f8958001800 JavaThread "RMI TCP Connection(1)-127.0.0.1" daemon [_thread_blocked, id=27991, stack(0x00007f8981bf1000,0x00007f8981cf2000)]
  0x00007f895c007800 JavaThread "RMI TCP Connection(idle)" daemon [_thread_blocked, id=27992, stack(0x00007f8981af0000,0x00007f8981bf1000)]
  0x00007f8958003800 JavaThread "RMI TCP Connection(3)-127.0.0.1" daemon [_thread_in_native, id=27995, stack(0x00007f89819ef000,0x00007f8981af0000)]
  0x00007f8974010800 JavaThread "RMI Scheduler(0)" daemon [_thread_blocked, id=27996, stack(0x00007f89818ee000,0x00007f89819ef000)]
  0x00007f8970011000 JavaThread "JMX server connection timeout 21" daemon [_thread_blocked, id=27997, stack(0x00007f89817ed000,0x00007f89818ee000)]
  0x00007f8968012800 JavaThread "JMX server connection timeout 20" daemon [_thread_blocked, id=27998, stack(0x00007f89816ec000,0x00007f89817ed000)]
  0x00005629909b2800 JavaThread "RMI TCP Connection(4)-127.0.0.1" daemon [_thread_blocked, id=28004, stack(0x00007f89815eb000,0x00007f89816ec000)]
  0x00007f8984001800 JavaThread "JMX server connection timeout 23" daemon [_thread_blocked, id=28005, stack(0x00007f89814ea000,0x00007f89815eb000)]
  0x00007f89b4dcc000 JavaThread "background-preinit" [_thread_blocked, id=28007, stack(0x00007f89813e9000,0x00007f89814ea000)]
  0x00007f8958005800 JavaThread "RMI TCP Connection(5)-127.0.0.1" daemon [_thread_blocked, id=28010, stack(0x00007f8980ce8000,0x00007f8980de9000)]
  0x00007f8958007000 JavaThread "RMI TCP Connection(6)-127.0.0.1" daemon [_thread_blocked, id=28011, stack(0x00007f8980be7000,0x00007f8980ce8000)]

Other Threads:
=>0x00007f89b4104000 VMThread "VM Thread" [stack: 0x00007f899855a000,0x00007f899865a000] [id=27973]
  0x00007f89b4c39800 WatcherThread [stack: 0x00007f8981ef6000,0x00007f8981ff6000] [id=27985]
  0x00007f89b4035800 GCTaskThread "GC Thread#0" [stack: 0x00007f899b7be000,0x00007f899b8be000] [id=27968]
  0x00007f8978001000 GCTaskThread "GC Thread#1" [stack: 0x00007f8982909000,0x00007f8982a09000] [id=27981]
  0x00007f89b4065000 ConcurrentGCThread "G1 Main Marker" [stack: 0x00007f8998c40000,0x00007f8998d40000] [id=27969]
  0x00007f89b4066800 ConcurrentGCThread "G1 Conc#0" [stack: 0x00007f8998b3e000,0x00007f8998c3e000] [id=27970]
  0x00007f89b40d1800 ConcurrentGCThread "G1 Refine#0" [stack: 0x00007f899883a000,0x00007f899893a000] [id=27971]
  0x00007f89b40d3800 ConcurrentGCThread "G1 Young RemSet Sampling" [stack: 0x00007f8998738000,0x00007f8998838000] [id=27972]

Threads with active compile tasks:

VM state:at safepoint (normal execution)

VM Mutex/Monitor currently owned by a thread:  ([mutex/lock_event])
[0x00007f89b4019650] Threads_lock - owner thread: 0x00007f89b4104000
[0x00007f89b4019e30] Heap_lock - owner thread: 0x00007f89b401d800

Heap address: 0x000000008a400000, size: 1884 MB, Compressed Oops mode: 32-bit
Narrow klass base: 0x0000000800000000, Narrow klass shift: 3
Compressed class space size: 1073741824 Address: 0x0000000840000000

Heap:
 garbage-first heap   total 413696K, used 19366K [0x000000008a400000, 0x0000000100000000)
  region size 1024K, 1 young (1024K), 1 survivors (1024K)
 Metaspace       used 17274K, capacity 18074K, committed 18304K, reserved 1064960K
  class space    used 2361K, capacity 2685K, committed 2688K, reserved 1048576K
Heap Regions: E=young(eden), S=young(survivor), O=old, HS=humongous(starts), HC=humongous(continues), CS=collection set, F=free, A=archive, TAMS=top-at-mark-start (previous, next)
|   0|0x000000008a400000, 0x000000008a500000, 0x000000008a500000|100%|HS|  |TAMS 0x000000008a400000, 0x000000008a400000| Complete 
|   1|0x000000008a500000, 0x000000008a600000, 0x000000008a600000|100%|HS|  |TAMS 0x000000008a500000, 0x000000008a500000| Complete 
|   2|0x000000008a600000, 0x000000008a700000, 0x000000008a700000|100%| O|  |TAMS 0x000000008a600000, 0x000000008a600000| Untracked 
|   3|0x000000008a700000, 0x000000008a800000, 0x000000008a800000|100%| O|  |TAMS 0x000000008a700000, 0x000000008a700000| Untracked 
|   4|0x000000008a800000, 0x000000008a900000, 0x000000008a900000|100%| O|  |TAMS 0x000000008a800000, 0x000000008a800000| Untracked 
|   5|0x000000008a900000, 0x000000008aa00000, 0x000000008aa00000|100%| O|  |TAMS 0x000000008a900000, 0x000000008a900000| Untracked 
|   6|0x000000008aa00000, 0x000000008ab00000, 0x000000008ab00000|100%| O|  |TAMS 0x000000008aa00000, 0x000000008aa00000| Untracked 
|   7|0x000000008ab00000, 0x000000008ac00000, 0x000000008ac00000|100%| O|  |TAMS 0x000000008ab00000, 0x000000008ab00000| Untracked 
|   8|0x000000008ac00000, 0x000000008ad00000, 0x000000008ad00000|100%| O|  |TAMS 0x000000008ac00000, 0x000000008ac00000| Untracked 
|   9|0x000000008ad00000, 0x000000008ae00000, 0x000000008ae00000|100%| O|  |TAMS 0x000000008ad00000, 0x000000008ad00000| Untracked 
|  10|0x000000008ae00000, 0x000000008af00000, 0x000000008af00000|100%| O|  |TAMS 0x000000008ae00000, 0x000000008ae00000| Untracked 
|  11|0x000000008af00000, 0x000000008b000000, 0x000000008b000000|100%| O|  |TAMS 0x000000008af00000, 0x000000008af00000| Untracked 
|  12|0x000000008b000000, 0x000000008b100000, 0x000000008b100000|100%| O|  |TAMS 0x000000008b000000, 0x000000008b000000| Untracked 
|  13|0x000000008b100000, 0x000000008b200000, 0x000000008b200000|100%| O|  |TAMS 0x000000008b100000, 0x000000008b100000| Untracked 
|  14|0x000000008b200000, 0x000000008b300000, 0x000000008b300000|100%| O|  |TAMS 0x000000008b200000, 0x000000008b200000| Untracked 
|  15|0x000000008b300000, 0x000000008b400000, 0x000000008b400000|100%| O|  |TAMS 0x000000008b300000, 0x000000008b300000| Untracked 
|  16|0x000000008b400000, 0x000000008b500000, 0x000000008b500000|100%| O|  |TAMS 0x000000008b400000, 0x000000008b400000| Untracked 
|  17|0x000000008b500000, 0x000000008b5df200, 0x000000008b600000| 87%| O|  |TAMS 0x000000008b500000, 0x000000008b500000| Untracked 
|  18|0x000000008b600000, 0x000000008b600000, 0x000000008b700000|  0%| F|  |TAMS 0x000000008b600000, 0x000000008b600000| Untracked 
|  19|0x000000008b700000, 0x000000008b700000, 0x000000008b800000|  0%| F|  |TAMS 0x000000008b700000, 0x000000008b700000| Untracked 
|  20|0x000000008b800000, 0x000000008b800000, 0x000000008b900000|  0%| F|  |TAMS 0x000000008b800000, 0x000000008b800000| Untracked 
|  21|0x000000008b900000, 0x000000008b900000, 0x000000008ba00000|  0%| F|  |TAMS 0x000000008b900000, 0x000000008b900000| Untracked 
|  22|0x000000008ba00000, 0x000000008ba00000, 0x000000008bb00000|  0%| F|  |TAMS 0x000000008ba00000, 0x000000008ba00000| Untracked 
|  23|0x000000008bb00000, 0x000000008bb00000, 0x000000008bc00000|  0%| F|  |TAMS 0x000000008bb00000, 0x000000008bb00000| Untracked 
|  24|0x000000008bc00000, 0x000000008bc00000, 0x000000008bd00000|  0%| F|  |TAMS 0x000000008bc00000, 0x000000008bc00000| Untracked 
|  25|0x000000008bd00000, 0x000000008bd00000, 0x000000008be00000|  0%| F|  |TAMS 0x000000008bd00000, 0x000000008bd00000| Untracked 
|  26|0x000000008be00000, 0x000000008be00000, 0x000000008bf00000|  0%| F|  |TAMS 0x000000008be00000, 0x000000008be00000| Untracked 
|  27|0x000000008bf00000, 0x000000008bf00000, 0x000000008c000000|  0%| F|  |TAMS 0x000000008bf00000, 0x000000008bf00000| Untracked 
|  28|0x000000008c000000, 0x000000008c000000, 0x000000008c100000|  0%| F|  |TAMS 0x000000008c000000, 0x000000008c000000| Untracked 
|  29|0x000000008c100000, 0x000000008c100000, 0x000000008c200000|  0%| F|  |TAMS 0x000000008c100000, 0x000000008c100000| Untracked 
|  30|0x000000008c200000, 0x000000008c200000, 0x000000008c300000|  0%| F|  |TAMS 0x000000008c200000, 0x000000008c200000| Untracked 
|  31|0x000000008c300000, 0x000000008c300000, 0x000000008c400000|  0%| F|  |TAMS 0x000000008c300000, 0x000000008c300000| Untracked 
|  32|0x000000008c400000, 0x000000008c400000, 0x000000008c500000|  0%| F|  |TAMS 0x000000008c400000, 0x000000008c400000| Untracked 
|  33|0x000000008c500000, 0x000000008c500000, 0x000000008c600000|  0%| F|  |TAMS 0x000000008c500000, 0x000000008c500000| Untracked 
|  34|0x000000008c600000, 0x000000008c600000, 0x000000008c700000|  0%| F|  |TAMS 0x000000008c600000, 0x000000008c600000| Untracked 
|  35|0x000000008c700000, 0x000000008c700000, 0x000000008c800000|  0%| F|  |TAMS 0x000000008c700000, 0x000000008c700000| Untracked 
|  36|0x000000008c800000, 0x000000008c800000, 0x000000008c900000|  0%| F|  |TAMS 0x000000008c800000, 0x000000008c800000| Untracked 
|  37|0x000000008c900000, 0x000000008c900000, 0x000000008ca00000|  0%| F|  |TAMS 0x000000008c900000, 0x000000008c900000| Untracked 
|  38|0x000000008ca00000, 0x000000008ca00000, 0x000000008cb00000|  0%| F|  |TAMS 0x000000008ca00000, 0x000000008ca00000| Untracked 
|  39|0x000000008cb00000, 0x000000008cb00000, 0x000000008cc00000|  0%| F|  |TAMS 0x000000008cb00000, 0x000000008cb00000| Untracked 
|  40|0x000000008cc00000, 0x000000008cc00000, 0x000000008cd00000|  0%| F|  |TAMS 0x000000008cc00000, 0x000000008cc00000| Untracked 
|  41|0x000000008cd00000, 0x000000008cd00000, 0x000000008ce00000|  0%| F|  |TAMS 0x000000008cd00000, 0x000000008cd00000| Untracked 
|  42|0x000000008ce00000, 0x000000008ce00000, 0x000000008cf00000|  0%| F|  |TAMS 0x000000008ce00000, 0x000000008ce00000| Untracked 
|  43|0x000000008cf00000, 0x000000008cf00000, 0x000000008d000000|  0%| F|  |TAMS 0x000000008cf00000, 0x000000008cf00000| Untracked 
|  44|0x000000008d000000, 0x000000008d000000, 0x000000008d100000|  0%| F|  |TAMS 0x000000008d000000, 0x000000008d000000| Untracked 
|  45|0x000000008d100000, 0x000000008d100000, 0x000000008d200000|  0%| F|  |TAMS 0x000000008d100000, 0x000000008d100000| Untracked 
|  46|0x000000008d200000, 0x000000008d200000, 0x000000008d300000|  0%| F|  |TAMS 0x000000008d200000, 0x000000008d200000| Untracked 
|  47|0x000000008d300000, 0x000000008d300000, 0x000000008d400000|  0%| F|  |TAMS 0x000000008d300000, 0x000000008d300000| Untracked 
|  48|0x000000008d400000, 0x000000008d400000, 0x000000008d500000|  0%| F|  |TAMS 0x000000008d400000, 0x000000008d400000| Untracked 
|  49|0x000000008d500000, 0x000000008d500000, 0x000000008d600000|  0%| F|  |TAMS 0x000000008d500000, 0x000000008d500000| Untracked 
|  50|0x000000008d600000, 0x000000008d600000, 0x000000008d700000|  0%| F|  |TAMS 0x000000008d600000, 0x000000008d600000| Untracked 
|  51|0x000000008d700000, 0x000000008d700000, 0x000000008d800000|  0%| F|  |TAMS 0x000000008d700000, 0x000000008d700000| Untracked 
|  52|0x000000008d800000, 0x000000008d800000, 0x000000008d900000|  0%| F|  |TAMS 0x000000008d800000, 0x000000008d800000| Untracked 
|  53|0x000000008d900000, 0x000000008d900000, 0x000000008da00000|  0%| F|  |TAMS 0x000000008d900000, 0x000000008d900000| Untracked 
|  54|0x000000008da00000, 0x000000008da00000, 0x000000008db00000|  0%| F|  |TAMS 0x000000008da00000, 0x000000008da00000| Untracked 
|  55|0x000000008db00000, 0x000000008db00000, 0x000000008dc00000|  0%| F|  |TAMS 0x000000008db00000, 0x000000008db00000| Untracked 
|  56|0x000000008dc00000, 0x000000008dc00000, 0x000000008dd00000|  0%| F|  |TAMS 0x000000008dc00000, 0x000000008dc00000| Untracked 
|  57|0x000000008dd00000, 0x000000008dd00000, 0x000000008de00000|  0%| F|  |TAMS 0x000000008dd00000, 0x000000008dd00000| Untracked 
|  58|0x000000008de00000, 0x000000008de00000, 0x000000008df00000|  0%| F|  |TAMS 0x000000008de00000, 0x000000008de00000| Untracked 
|  59|0x000000008df00000, 0x000000008df00000, 0x000000008e000000|  0%| F|  |TAMS 0x000000008df00000, 0x000000008df00000| Untracked 
|  60|0x000000008e000000, 0x000000008e000000, 0x000000008e100000|  0%| F|  |TAMS 0x000000008e000000, 0x000000008e000000| Untracked 
|  61|0x000000008e100000, 0x000000008e100000, 0x000000008e200000|  0%| F|  |TAMS 0x000000008e100000, 0x000000008e100000| Untracked 
|  62|0x000000008e200000, 0x000000008e200000, 0x000000008e300000|  0%| F|  |TAMS 0x000000008e200000, 0x000000008e200000| Untracked 
|  63|0x000000008e300000, 0x000000008e300000, 0x000000008e400000|  0%| F|  |TAMS 0x000000008e300000, 0x000000008e300000| Untracked 
|  64|0x000000008e400000, 0x000000008e400000, 0x000000008e500000|  0%| F|  |TAMS 0x000000008e400000, 0x000000008e400000| Untracked 
|  65|0x000000008e500000, 0x000000008e500000, 0x000000008e600000|  0%| F|  |TAMS 0x000000008e500000, 0x000000008e500000| Untracked 
|  66|0x000000008e600000, 0x000000008e600000, 0x000000008e700000|  0%| F|  |TAMS 0x000000008e600000, 0x000000008e600000| Untracked 
|  67|0x000000008e700000, 0x000000008e700000, 0x000000008e800000|  0%| F|  |TAMS 0x000000008e700000, 0x000000008e700000| Untracked 
|  68|0x000000008e800000, 0x000000008e800000, 0x000000008e900000|  0%| F|  |TAMS 0x000000008e800000, 0x000000008e800000| Untracked 
|  69|0x000000008e900000, 0x000000008e900000, 0x000000008ea00000|  0%| F|  |TAMS 0x000000008e900000, 0x000000008e900000| Untracked 
|  70|0x000000008ea00000, 0x000000008ea00000, 0x000000008eb00000|  0%| F|  |TAMS 0x000000008ea00000, 0x000000008ea00000| Untracked 
|  71|0x000000008eb00000, 0x000000008eb00000, 0x000000008ec00000|  0%| F|  |TAMS 0x000000008eb00000, 0x000000008eb00000| Untracked 
|  72|0x000000008ec00000, 0x000000008ec00000, 0x000000008ed00000|  0%| F|  |TAMS 0x000000008ec00000, 0x000000008ec00000| Untracked 
|  73|0x000000008ed00000, 0x000000008ed00000, 0x000000008ee00000|  0%| F|  |TAMS 0x000000008ed00000, 0x000000008ed00000| Untracked 
|  74|0x000000008ee00000, 0x000000008ee00000, 0x000000008ef00000|  0%| F|  |TAMS 0x000000008ee00000, 0x000000008ee00000| Untracked 
|  75|0x000000008ef00000, 0x000000008ef00000, 0x000000008f000000|  0%| F|  |TAMS 0x000000008ef00000, 0x000000008ef00000| Untracked 
|  76|0x000000008f000000, 0x000000008f000000, 0x000000008f100000|  0%| F|  |TAMS 0x000000008f000000, 0x000000008f000000| Untracked 
|  77|0x000000008f100000, 0x000000008f100000, 0x000000008f200000|  0%| F|  |TAMS 0x000000008f100000, 0x000000008f100000| Untracked 
|  78|0x000000008f200000, 0x000000008f200000, 0x000000008f300000|  0%| F|  |TAMS 0x000000008f200000, 0x000000008f200000| Untracked 
|  79|0x000000008f300000, 0x000000008f300000, 0x000000008f400000|  0%| F|  |TAMS 0x000000008f300000, 0x000000008f300000| Untracked 
|  80|0x000000008f400000, 0x000000008f400000, 0x000000008f500000|  0%| F|  |TAMS 0x000000008f400000, 0x000000008f400000| Untracked 
|  81|0x000000008f500000, 0x000000008f500000, 0x000000008f600000|  0%| F|  |TAMS 0x000000008f500000, 0x000000008f500000| Untracked 
|  82|0x000000008f600000, 0x000000008f600000, 0x000000008f700000|  0%| F|  |TAMS 0x000000008f600000, 0x000000008f600000| Untracked 
|  83|0x000000008f700000, 0x000000008f700000, 0x000000008f800000|  0%| F|  |TAMS 0x000000008f700000, 0x000000008f700000| Untracked 
|  84|0x000000008f800000, 0x000000008f800000, 0x000000008f900000|  0%| F|  |TAMS 0x000000008f800000, 0x000000008f800000| Untracked 
|  85|0x000000008f900000, 0x000000008f900000, 0x000000008fa00000|  0%| F|  |TAMS 0x000000008f900000, 0x000000008f900000| Untracked 
|  86|0x000000008fa00000, 0x000000008fa00000, 0x000000008fb00000|  0%| F|  |TAMS 0x000000008fa00000, 0x000000008fa00000| Untracked 
|  87|0x000000008fb00000, 0x000000008fb00000, 0x000000008fc00000|  0%| F|  |TAMS 0x000000008fb00000, 0x000000008fb00000| Untracked 
|  88|0x000000008fc00000, 0x000000008fc00000, 0x000000008fd00000|  0%| F|  |TAMS 0x000000008fc00000, 0x000000008fc00000| Untracked 
|  89|0x000000008fd00000, 0x000000008fd00000, 0x000000008fe00000|  0%| F|  |TAMS 0x000000008fd00000, 0x000000008fd00000| Untracked 
|  90|0x000000008fe00000, 0x000000008fe00000, 0x000000008ff00000|  0%| F|  |TAMS 0x000000008fe00000, 0x000000008fe00000| Untracked 
|  91|0x000000008ff00000, 0x000000008ff00000, 0x0000000090000000|  0%| F|  |TAMS 0x000000008ff00000, 0x000000008ff00000| Untracked 
|  92|0x0000000090000000, 0x0000000090000000, 0x0000000090100000|  0%| F|  |TAMS 0x0000000090000000, 0x0000000090000000| Untracked 
|  93|0x0000000090100000, 0x0000000090100000, 0x0000000090200000|  0%| F|  |TAMS 0x0000000090100000, 0x0000000090100000| Untracked 
|  94|0x0000000090200000, 0x0000000090200000, 0x0000000090300000|  0%| F|  |TAMS 0x0000000090200000, 0x0000000090200000| Untracked 
|  95|0x0000000090300000, 0x0000000090300000, 0x0000000090400000|  0%| F|  |TAMS 0x0000000090300000, 0x0000000090300000| Untracked 
|  96|0x0000000090400000, 0x0000000090400000, 0x0000000090500000|  0%| F|  |TAMS 0x0000000090400000, 0x0000000090400000| Untracked 
|  97|0x0000000090500000, 0x0000000090500000, 0x0000000090600000|  0%| F|  |TAMS 0x0000000090500000, 0x0000000090500000| Untracked 
|  98|0x0000000090600000, 0x0000000090600000, 0x0000000090700000|  0%| F|  |TAMS 0x0000000090600000, 0x0000000090600000| Untracked 
|  99|0x0000000090700000, 0x0000000090700000, 0x0000000090800000|  0%| F|  |TAMS 0x0000000090700000, 0x0000000090700000| Untracked 
| 100|0x0000000090800000, 0x0000000090800000, 0x0000000090900000|  0%| F|  |TAMS 0x0000000090800000, 0x0000000090800000| Untracked 
| 101|0x0000000090900000, 0x0000000090900000, 0x0000000090a00000|  0%| F|  |TAMS 0x0000000090900000, 0x0000000090900000| Untracked 
| 102|0x0000000090a00000, 0x0000000090a00000, 0x0000000090b00000|  0%| F|  |TAMS 0x0000000090a00000, 0x0000000090a00000| Untracked 
| 103|0x0000000090b00000, 0x0000000090b00000, 0x0000000090c00000|  0%| F|  |TAMS 0x0000000090b00000, 0x0000000090b00000| Untracked 
| 104|0x0000000090c00000, 0x0000000090c00000, 0x0000000090d00000|  0%| F|  |TAMS 0x0000000090c00000, 0x0000000090c00000| Untracked 
| 105|0x0000000090d00000, 0x0000000090d00000, 0x0000000090e00000|  0%| F|  |TAMS 0x0000000090d00000, 0x0000000090d00000| Untracked 
| 106|0x0000000090e00000, 0x0000000090e00000, 0x0000000090f00000|  0%| F|  |TAMS 0x0000000090e00000, 0x0000000090e00000| Untracked 
| 107|0x0000000090f00000, 0x0000000090f00000, 0x0000000091000000|  0%| F|  |TAMS 0x0000000090f00000, 0x0000000090f00000| Untracked 
| 108|0x0000000091000000, 0x0000000091000000, 0x0000000091100000|  0%| F|  |TAMS 0x0000000091000000, 0x0000000091000000| Untracked 
| 109|0x0000000091100000, 0x0000000091100000, 0x0000000091200000|  0%| F|  |TAMS 0x0000000091100000, 0x0000000091100000| Untracked 
| 110|0x0000000091200000, 0x0000000091200000, 0x0000000091300000|  0%| F|  |TAMS 0x0000000091200000, 0x0000000091200000| Untracked 
| 111|0x0000000091300000, 0x0000000091300000, 0x0000000091400000|  0%| F|  |TAMS 0x0000000091300000, 0x0000000091300000| Untracked 
| 112|0x0000000091400000, 0x0000000091400000, 0x0000000091500000|  0%| F|  |TAMS 0x0000000091400000, 0x0000000091400000| Untracked 
| 113|0x0000000091500000, 0x0000000091500000, 0x0000000091600000|  0%| F|  |TAMS 0x0000000091500000, 0x0000000091500000| Untracked 
| 114|0x0000000091600000, 0x0000000091600000, 0x0000000091700000|  0%| F|  |TAMS 0x0000000091600000, 0x0000000091600000| Untracked 
| 115|0x0000000091700000, 0x0000000091700000, 0x0000000091800000|  0%| F|  |TAMS 0x0000000091700000, 0x0000000091700000| Untracked 
| 116|0x0000000091800000, 0x0000000091800000, 0x0000000091900000|  0%| F|  |TAMS 0x0000000091800000, 0x0000000091800000| Untracked 
| 117|0x0000000091900000, 0x0000000091900000, 0x0000000091a00000|  0%| F|  |TAMS 0x0000000091900000, 0x0000000091900000| Untracked 
| 118|0x0000000091a00000, 0x0000000091a00000, 0x0000000091b00000|  0%| F|  |TAMS 0x0000000091a00000, 0x0000000091a00000| Untracked 
| 119|0x0000000091b00000, 0x0000000091b00000, 0x0000000091c00000|  0%| F|  |TAMS 0x0000000091b00000, 0x0000000091b00000| Untracked 
| 120|0x0000000091c00000, 0x0000000091c00000, 0x0000000091d00000|  0%| F|  |TAMS 0x0000000091c00000, 0x0000000091c00000| Untracked 
| 121|0x0000000091d00000, 0x0000000091d00000, 0x0000000091e00000|  0%| F|  |TAMS 0x0000000091d00000, 0x0000000091d00000| Untracked 
| 122|0x0000000091e00000, 0x0000000091e00000, 0x0000000091f00000|  0%| F|  |TAMS 0x0000000091e00000, 0x0000000091e00000| Untracked 
| 123|0x0000000091f00000, 0x0000000091f00000, 0x0000000092000000|  0%| F|  |TAMS 0x0000000091f00000, 0x0000000091f00000| Untracked 
| 124|0x0000000092000000, 0x0000000092000000, 0x0000000092100000|  0%| F|  |TAMS 0x0000000092000000, 0x0000000092000000| Untracked 
| 125|0x0000000092100000, 0x0000000092100000, 0x0000000092200000|  0%| F|  |TAMS 0x0000000092100000, 0x0000000092100000| Untracked 
| 126|0x0000000092200000, 0x0000000092200000, 0x0000000092300000|  0%| F|  |TAMS 0x0000000092200000, 0x0000000092200000| Untracked 
| 127|0x0000000092300000, 0x0000000092300000, 0x0000000092400000|  0%| F|  |TAMS 0x0000000092300000, 0x0000000092300000| Untracked 
| 128|0x0000000092400000, 0x0000000092400000, 0x0000000092500000|  0%| F|  |TAMS 0x0000000092400000, 0x0000000092400000| Untracked 
| 129|0x0000000092500000, 0x0000000092500000, 0x0000000092600000|  0%| F|  |TAMS 0x0000000092500000, 0x0000000092500000| Untracked 
| 130|0x0000000092600000, 0x0000000092600000, 0x0000000092700000|  0%| F|  |TAMS 0x0000000092600000, 0x0000000092600000| Untracked 
| 131|0x0000000092700000, 0x0000000092700000, 0x0000000092800000|  0%| F|  |TAMS 0x0000000092700000, 0x0000000092700000| Untracked 
| 132|0x0000000092800000, 0x0000000092800000, 0x0000000092900000|  0%| F|  |TAMS 0x0000000092800000, 0x0000000092800000| Untracked 
| 133|0x0000000092900000, 0x0000000092900000, 0x0000000092a00000|  0%| F|  |TAMS 0x0000000092900000, 0x0000000092900000| Untracked 
| 134|0x0000000092a00000, 0x0000000092a00000, 0x0000000092b00000|  0%| F|  |TAMS 0x0000000092a00000, 0x0000000092a00000| Untracked 
| 135|0x0000000092b00000, 0x0000000092b00000, 0x0000000092c00000|  0%| F|  |TAMS 0x0000000092b00000, 0x0000000092b00000| Untracked 
| 136|0x0000000092c00000, 0x0000000092c00000, 0x0000000092d00000|  0%| F|  |TAMS 0x0000000092c00000, 0x0000000092c00000| Untracked 
| 137|0x0000000092d00000, 0x0000000092d00000, 0x0000000092e00000|  0%| F|  |TAMS 0x0000000092d00000, 0x0000000092d00000| Untracked 
| 138|0x0000000092e00000, 0x0000000092e00000, 0x0000000092f00000|  0%| F|  |TAMS 0x0000000092e00000, 0x0000000092e00000| Untracked 
| 139|0x0000000092f00000, 0x0000000092f00000, 0x0000000093000000|  0%| F|  |TAMS 0x0000000092f00000, 0x0000000092f00000| Untracked 
| 140|0x0000000093000000, 0x0000000093000000, 0x0000000093100000|  0%| F|  |TAMS 0x0000000093000000, 0x0000000093000000| Untracked 
| 141|0x0000000093100000, 0x0000000093100000, 0x0000000093200000|  0%| F|  |TAMS 0x0000000093100000, 0x0000000093100000| Untracked 
| 142|0x0000000093200000, 0x0000000093200000, 0x0000000093300000|  0%| F|  |TAMS 0x0000000093200000, 0x0000000093200000| Untracked 
| 143|0x0000000093300000, 0x0000000093300000, 0x0000000093400000|  0%| F|  |TAMS 0x0000000093300000, 0x0000000093300000| Untracked 
| 144|0x0000000093400000, 0x0000000093400000, 0x0000000093500000|  0%| F|  |TAMS 0x0000000093400000, 0x0000000093400000| Untracked 
| 145|0x0000000093500000, 0x0000000093500000, 0x0000000093600000|  0%| F|  |TAMS 0x0000000093500000, 0x0000000093500000| Untracked 
| 146|0x0000000093600000, 0x0000000093600000, 0x0000000093700000|  0%| F|  |TAMS 0x0000000093600000, 0x0000000093600000| Untracked 
| 147|0x0000000093700000, 0x0000000093700000, 0x0000000093800000|  0%| F|  |TAMS 0x0000000093700000, 0x0000000093700000| Untracked 
| 148|0x0000000093800000, 0x0000000093800000, 0x0000000093900000|  0%| F|  |TAMS 0x0000000093800000, 0x0000000093800000| Untracked 
| 149|0x0000000093900000, 0x0000000093900000, 0x0000000093a00000|  0%| F|  |TAMS 0x0000000093900000, 0x0000000093900000| Untracked 
| 150|0x0000000093a00000, 0x0000000093a00000, 0x0000000093b00000|  0%| F|  |TAMS 0x0000000093a00000, 0x0000000093a00000| Untracked 
| 151|0x0000000093b00000, 0x0000000093b00000, 0x0000000093c00000|  0%| F|  |TAMS 0x0000000093b00000, 0x0000000093b00000| Untracked 
| 152|0x0000000093c00000, 0x0000000093c00000, 0x0000000093d00000|  0%| F|  |TAMS 0x0000000093c00000, 0x0000000093c00000| Untracked 
| 153|0x0000000093d00000, 0x0000000093d00000, 0x0000000093e00000|  0%| F|  |TAMS 0x0000000093d00000, 0x0000000093d00000| Untracked 
| 154|0x0000000093e00000, 0x0000000093e00000, 0x0000000093f00000|  0%| F|  |TAMS 0x0000000093e00000, 0x0000000093e00000| Untracked 
| 155|0x0000000093f00000, 0x0000000093f00000, 0x0000000094000000|  0%| F|  |TAMS 0x0000000093f00000, 0x0000000093f00000| Untracked 
| 156|0x0000000094000000, 0x0000000094000000, 0x0000000094100000|  0%| F|  |TAMS 0x0000000094000000, 0x0000000094000000| Untracked 
| 157|0x0000000094100000, 0x0000000094100000, 0x0000000094200000|  0%| F|  |TAMS 0x0000000094100000, 0x0000000094100000| Untracked 
| 158|0x0000000094200000, 0x0000000094200000, 0x0000000094300000|  0%| F|  |TAMS 0x0000000094200000, 0x0000000094200000| Untracked 
| 159|0x0000000094300000, 0x0000000094300000, 0x0000000094400000|  0%| F|  |TAMS 0x0000000094300000, 0x0000000094300000| Untracked 
| 160|0x0000000094400000, 0x0000000094400000, 0x0000000094500000|  0%| F|  |TAMS 0x0000000094400000, 0x0000000094400000| Untracked 
| 161|0x0000000094500000, 0x0000000094500000, 0x0000000094600000|  0%| F|  |TAMS 0x0000000094500000, 0x0000000094500000| Untracked 
| 162|0x0000000094600000, 0x0000000094600000, 0x0000000094700000|  0%| F|  |TAMS 0x0000000094600000, 0x0000000094600000| Untracked 
| 163|0x0000000094700000, 0x0000000094700000, 0x0000000094800000|  0%| F|  |TAMS 0x0000000094700000, 0x0000000094700000| Untracked 
| 164|0x0000000094800000, 0x0000000094800000, 0x0000000094900000|  0%| F|  |TAMS 0x0000000094800000, 0x0000000094800000| Untracked 
| 165|0x0000000094900000, 0x0000000094900000, 0x0000000094a00000|  0%| F|  |TAMS 0x0000000094900000, 0x0000000094900000| Untracked 
| 166|0x0000000094a00000, 0x0000000094a00000, 0x0000000094b00000|  0%| F|  |TAMS 0x0000000094a00000, 0x0000000094a00000| Untracked 
| 167|0x0000000094b00000, 0x0000000094b00000, 0x0000000094c00000|  0%| F|  |TAMS 0x0000000094b00000, 0x0000000094b00000| Untracked 
| 168|0x0000000094c00000, 0x0000000094c00000, 0x0000000094d00000|  0%| F|  |TAMS 0x0000000094c00000, 0x0000000094c00000| Untracked 
| 169|0x0000000094d00000, 0x0000000094d00000, 0x0000000094e00000|  0%| F|  |TAMS 0x0000000094d00000, 0x0000000094d00000| Untracked 
| 170|0x0000000094e00000, 0x0000000094e00000, 0x0000000094f00000|  0%| F|  |TAMS 0x0000000094e00000, 0x0000000094e00000| Untracked 
| 171|0x0000000094f00000, 0x0000000094f00000, 0x0000000095000000|  0%| F|  |TAMS 0x0000000094f00000, 0x0000000094f00000| Untracked 
| 172|0x0000000095000000, 0x0000000095000000, 0x0000000095100000|  0%| F|  |TAMS 0x0000000095000000, 0x0000000095000000| Untracked 
| 173|0x0000000095100000, 0x0000000095100000, 0x0000000095200000|  0%| F|  |TAMS 0x0000000095100000, 0x0000000095100000| Untracked 
| 174|0x0000000095200000, 0x0000000095200000, 0x0000000095300000|  0%| F|  |TAMS 0x0000000095200000, 0x0000000095200000| Untracked 
| 175|0x0000000095300000, 0x0000000095300000, 0x0000000095400000|  0%| F|  |TAMS 0x0000000095300000, 0x0000000095300000| Untracked 
| 176|0x0000000095400000, 0x0000000095400000, 0x0000000095500000|  0%| F|  |TAMS 0x0000000095400000, 0x0000000095400000| Untracked 
| 177|0x0000000095500000, 0x0000000095500000, 0x0000000095600000|  0%| F|  |TAMS 0x0000000095500000, 0x0000000095500000| Untracked 
| 178|0x0000000095600000, 0x0000000095600000, 0x0000000095700000|  0%| F|  |TAMS 0x0000000095600000, 0x0000000095600000| Untracked 
| 179|0x0000000095700000, 0x0000000095700000, 0x0000000095800000|  0%| F|  |TAMS 0x0000000095700000, 0x0000000095700000| Untracked 
| 180|0x0000000095800000, 0x0000000095800000, 0x0000000095900000|  0%| F|  |TAMS 0x0000000095800000, 0x0000000095800000| Untracked 
| 181|0x0000000095900000, 0x0000000095900000, 0x0000000095a00000|  0%| F|  |TAMS 0x0000000095900000, 0x0000000095900000| Untracked 
| 182|0x0000000095a00000, 0x0000000095a00000, 0x0000000095b00000|  0%| F|  |TAMS 0x0000000095a00000, 0x0000000095a00000| Untracked 
| 183|0x0000000095b00000, 0x0000000095b00000, 0x0000000095c00000|  0%| F|  |TAMS 0x0000000095b00000, 0x0000000095b00000| Untracked 
| 184|0x0000000095c00000, 0x0000000095c59880, 0x0000000095d00000| 34%| S|CS|TAMS 0x0000000095c00000, 0x0000000095c00000| Complete 
| 185|0x0000000095d00000, 0x0000000095d00000, 0x0000000095e00000|  0%| F|  |TAMS 0x0000000095d00000, 0x0000000095d00000| Untracked 
| 186|0x0000000095e00000, 0x0000000095e00000, 0x0000000095f00000|  0%| F|  |TAMS 0x0000000095e00000, 0x0000000095e00000| Untracked 
| 187|0x0000000095f00000, 0x0000000095f00000, 0x0000000096000000|  0%| F|  |TAMS 0x0000000095f00000, 0x0000000095f00000| Untracked 
| 188|0x0000000096000000, 0x0000000096000000, 0x0000000096100000|  0%| F|  |TAMS 0x0000000096000000, 0x0000000096000000| Untracked 
| 189|0x0000000096100000, 0x0000000096100000, 0x0000000096200000|  0%| F|  |TAMS 0x0000000096100000, 0x0000000096100000| Untracked 
| 190|0x0000000096200000, 0x0000000096200000, 0x0000000096300000|  0%| F|  |TAMS 0x0000000096200000, 0x0000000096200000| Untracked 
| 191|0x0000000096300000, 0x0000000096300000, 0x0000000096400000|  0%| F|  |TAMS 0x0000000096300000, 0x0000000096300000| Untracked 
| 192|0x0000000096400000, 0x0000000096400000, 0x0000000096500000|  0%| F|  |TAMS 0x0000000096400000, 0x0000000096400000| Untracked 
| 193|0x0000000096500000, 0x0000000096500000, 0x0000000096600000|  0%| F|  |TAMS 0x0000000096500000, 0x0000000096500000| Untracked 
|1882|0x00000000ffe00000, 0x00000000ffe47000, 0x00000000fff00000| 27%|OA|  |TAMS 0x00000000ffe00000, 0x00000000ffe00000| Untracked 
|1883|0x00000000fff00000, 0x00000000fff6a000, 0x0000000100000000| 41%|CA|  |TAMS 0x00000000fff00000, 0x00000000fff00000| Untracked 

Card table byte_map: [0x00007f899ae5e000,0x00007f899b20c000] _byte_map_base: 0x00007f899aa0c000

Marking Bits (Prev, Next): (CMBitMap*) 0x00007f89b405c888, (CMBitMap*) 0x00007f89b405c8c0
 Prev Bits: [0x00007f8998d40000, 0x00007f899aab0000)
 Next Bits: [0x00007f8992290000, 0x00007f8994000000)

Polling page: 0x00007f89bb013000

Metaspace:

Usage:
  Non-class:     15.03 MB capacity,    14.56 MB ( 97%) used,   399.91 KB (  3%) free+waste,    75.88 KB ( <1%) overhead. 
      Class:      2.62 MB capacity,     2.31 MB ( 88%) used,   283.03 KB ( 11%) free+waste,    40.50 KB (  2%) overhead. 
       Both:     17.65 MB capacity,    16.87 MB ( 96%) used,   682.94 KB (  4%) free+waste,   116.38 KB ( <1%) overhead. 

Virtual space:
  Non-class space:       16.00 MB reserved,      15.25 MB ( 95%) committed 
      Class space:        1.00 GB reserved,       2.62 MB ( <1%) committed 
             Both:        1.02 GB reserved,      17.88 MB (  2%) committed 

Chunk freelists:
   Non-Class:  71.00 KB
       Class:  3.00 KB
        Both:  74.00 KB

MaxMetaspaceSize: unlimited
CompressedClassSpaceSize: 1.00 GB

CodeHeap 'non-profiled nmethods': size=239512Kb used=3524Kb max_used=3524Kb free=235987Kb
 bounds [0x00007f899c0ac000, 0x00007f899c42c000, 0x00007f89aaa92000]
CodeHeap 'non-nmethods': size=6248Kb used=1158Kb max_used=1158Kb free=5089Kb
 bounds [0x00007f899ba92000, 0x00007f899bd02000, 0x00007f899c0ac000]
 total_blobs=2812 nmethods=2294 adapters=430
 compilation: enabled
              stopped_count=0, restarted_count=0
 full_count=0

Compilation events (20 events):
Event: 19.017 Thread 0x00007f89b4110800 2297       1       java.io.ObjectInputStream$HandleTable::finish (111 bytes)
Event: 19.018 Thread 0x00007f89b4110800 nmethod 2297 0x00007f899c415390 code [0x00007f899c415560, 0x00007f899c415868]
Event: 19.018 Thread 0x00007f89b4110800 2295       1       java.io.ObjectStreamClass::getSerialVersionUID (33 bytes)
Event: 19.127 Thread 0x00007f89b4110800 nmethod 2295 0x00007f899c415a10 code [0x00007f899c415be0, 0x00007f899c415ec8]
Event: 19.220 Thread 0x00007f89b4110800 2303       1       java.io.ObjectInputStream$HandleTable::markDependency (175 bytes)
Event: 19.221 Thread 0x00007f89b4110800 nmethod 2303 0x00007f899c415f90 code [0x00007f899c4161c0, 0x00007f899c416828]
Event: 19.305 Thread 0x00007f89b4110800 2305       1       java.io.ObjectStreamClass::<init> (10 bytes)
Event: 19.305 Thread 0x00007f89b4110800 nmethod 2305 0x00007f899c416f10 code [0x00007f899c4170c0, 0x00007f899c4171f0]
Event: 19.305 Thread 0x00007f89b4110800 2310  s    1       java.io.ByteArrayInputStream::read (73 bytes)
Event: 19.308 Thread 0x00007f89b4110800 nmethod 2310 0x00007f899c417290 code [0x00007f899c417460, 0x00007f899c417978]
Event: 19.308 Thread 0x00007f89b4110800 2311  s    1       java.io.ByteArrayInputStream::read (36 bytes)
Event: 19.308 Thread 0x00007f89b4110800 nmethod 2311 0x00007f899c417b10 code [0x00007f899c417cc0, 0x00007f899c417fd0]
Event: 19.308 Thread 0x00007f89b4110800 2309   !   1       java.io.ObjectInputStream::readObject0 (671 bytes)
Event: 19.418 Thread 0x00007f89b4110800 nmethod 2309 0x00007f899c418090 code [0x00007f899c4186e0, 0x00007f899c41a4d8]
Event: 19.418 Thread 0x00007f89b4110800 2312   !   1       javax.management.InstanceOfQueryExp::apply (56 bytes)
Event: 19.425 Thread 0x00007f89b4110800 nmethod 2312 0x00007f899c41c190 code [0x00007f899c41c380, 0x00007f899c41c6e8]
Event: 19.425 Thread 0x00007f89b4110800 2313       1       javax.management.StringValueExp::apply (2 bytes)
Event: 19.425 Thread 0x00007f89b4110800 nmethod 2313 0x00007f899c41c990 code [0x00007f899c41cb40, 0x00007f899c41cc70]
Event: 19.581 Thread 0x00007f89b4110800 2314       1       jdk.internal.misc.Unsafe::ensureClassInitialized (18 bytes)
Event: 19.584 Thread 0x00007f89b4110800 nmethod 2314 0x00007f899c41cd10 code [0x00007f899c41cee0, 0x00007f899c41d0f8]

GC Heap History (17 events):
Event: 0.997 GC heap before
{Heap before GC invocations=0 (full 0):
 garbage-first heap   total 122880K, used 9924K [0x000000008a400000, 0x0000000100000000)
  region size 1024K, 7 young (7168K), 0 survivors (0K)
 Metaspace       used 507K, capacity 4518K, committed 4864K, reserved 1056768K
  class space    used 47K, capacity 399K, committed 512K, reserved 1048576K
}
Event: 1.016 GC heap after
{Heap after GC invocations=1 (full 0):
 garbage-first heap   total 122880K, used 7814K [0x000000008a400000, 0x0000000100000000)
  region size 1024K, 1 young (1024K), 1 survivors (1024K)
 Metaspace       used 507K, capacity 4518K, committed 4864K, reserved 1056768K
  class space    used 47K, capacity 399K, committed 512K, reserved 1048576K
}
Event: 1.216 GC heap before
{Heap before GC invocations=1 (full 0):
 garbage-first heap   total 122880K, used 10886K [0x000000008a400000, 0x0000000100000000)
  region size 1024K, 5 young (5120K), 1 survivors (1024K)
 Metaspace       used 508K, capacity 4518K, committed 4864K, reserved 1056768K
  class space    used 47K, capacity 399K, committed 512K, reserved 1048576K
}
Event: 1.260 GC heap after
{Heap after GC invocations=2 (full 0):
 garbage-first heap   total 122880K, used 11651K [0x000000008a400000, 0x0000000100000000)
  region size 1024K, 1 young (1024K), 1 survivors (1024K)
 Metaspace       used 508K, capacity 4518K, committed 4864K, reserved 1056768K
  class space    used 47K, capacity 399K, committed 512K, reserved 1048576K
}
Event: 1.741 GC heap before
{Heap before GC invocations=2 (full 0):
 garbage-first heap   total 122880K, used 16771K [0x000000008a400000, 0x0000000100000000)
  region size 1024K, 7 young (7168K), 1 survivors (1024K)
 Metaspace       used 3435K, capacity 4876K, committed 4992K, reserved 1056768K
  class space    used 439K, capacity 525K, committed 640K, reserved 1048576K
}
Event: 1.754 GC heap after
{Heap after GC invocations=3 (full 0):
 garbage-first heap   total 122880K, used 14563K [0x000000008a400000, 0x0000000100000000)
  region size 1024K, 1 young (1024K), 1 survivors (1024K)
 Metaspace       used 3435K, capacity 4876K, committed 4992K, reserved 1056768K
  class space    used 439K, capacity 525K, committed 640K, reserved 1048576K
}
Event: 2.295 GC heap before
{Heap before GC invocations=3 (full 0):
 garbage-first heap   total 122880K, used 24803K [0x000000008a400000, 0x0000000100000000)
  region size 1024K, 12 young (12288K), 1 survivors (1024K)
 Metaspace       used 6538K, capacity 6930K, committed 7168K, reserved 1056768K
  class space    used 832K, capacity 996K, committed 1024K, reserved 1048576K
}
Event: 2.319 GC heap after
{Heap after GC invocations=4 (full 0):
 garbage-first heap   total 122880K, used 16339K [0x000000008a400000, 0x0000000100000000)
  region size 1024K, 2 young (2048K), 2 survivors (2048K)
 Metaspace       used 6538K, capacity 6930K, committed 7168K, reserved 1056768K
  class space    used 832K, capacity 996K, committed 1024K, reserved 1048576K
}
Event: 2.976 GC heap before
{Heap before GC invocations=4 (full 0):
 garbage-first heap   total 122880K, used 31699K [0x000000008a400000, 0x0000000100000000)
  region size 1024K, 18 young (18432K), 2 survivors (2048K)
 Metaspace       used 8232K, capacity 8725K, committed 8960K, reserved 1056768K
  class space    used 1069K, capacity 1246K, committed 1280K, reserved 1048576K
}
Event: 2.989 GC heap after
{Heap after GC invocations=5 (full 0):
 garbage-first heap   total 200704K, used 17127K [0x000000008a400000, 0x0000000100000000)
  region size 1024K, 2 young (2048K), 2 survivors (2048K)
 Metaspace       used 8232K, capacity 8725K, committed 8960K, reserved 1056768K
  class space    used 1069K, capacity 1246K, committed 1280K, reserved 1048576K
}
Event: 3.514 GC heap before
{Heap before GC invocations=5 (full 0):
 garbage-first heap   total 200704K, used 40679K [0x000000008a400000, 0x0000000100000000)
  region size 1024K, 26 young (26624K), 2 survivors (2048K)
 Metaspace       used 11782K, capacity 12413K, committed 12672K, reserved 1060864K
  class space    used 1550K, capacity 1795K, committed 1920K, reserved 1048576K
}
Event: 3.533 GC heap after
{Heap after GC invocations=6 (full 0):
 garbage-first heap   total 200704K, used 18138K [0x000000008a400000, 0x0000000100000000)
  region size 1024K, 3 young (3072K), 3 survivors (3072K)
 Metaspace       used 11782K, capacity 12413K, committed 12672K, reserved 1060864K
  class space    used 1550K, capacity 1795K, committed 1920K, reserved 1048576K
}
Event: 13.071 GC heap before
{Heap before GC invocations=6 (full 0):
 garbage-first heap   total 200704K, used 53978K [0x000000008a400000, 0x0000000100000000)
  region size 1024K, 39 young (39936K), 3 survivors (3072K)
 Metaspace       used 16037K, capacity 16775K, committed 16896K, reserved 1062912K
  class space    used 2210K, capacity 2508K, committed 2560K, reserved 1048576K
}
Event: 13.567 GC heap after
{Heap after GC invocations=7 (full 0):
 garbage-first heap   total 200704K, used 19471K [0x000000008a400000, 0x0000000100000000)
  region size 1024K, 4 young (4096K), 4 survivors (4096K)
 Metaspace       used 16037K, capacity 16775K, committed 16896K, reserved 1062912K
  class space    used 2210K, capacity 2508K, committed 2560K, reserved 1048576K
}
Event: 15.336 GC heap before
{Heap before GC invocations=7 (full 0):
 garbage-first heap   total 200704K, used 24591K [0x000000008a400000, 0x0000000100000000)
  region size 1024K, 9 young (9216K), 4 survivors (4096K)
 Metaspace       used 16546K, capacity 17292K, committed 17408K, reserved 1064960K
  class space    used 2267K, capacity 2552K, committed 2560K, reserved 1048576K
}
Event: 16.175 GC heap after
{Heap after GC invocations=8 (full 0):
 garbage-first heap   total 200704K, used 19650K [0x000000008a400000, 0x0000000100000000)
  region size 1024K, 1 young (1024K), 1 survivors (1024K)
 Metaspace       used 16546K, capacity 17292K, committed 17408K, reserved 1064960K
  class space    used 2267K, capacity 2552K, committed 2560K, reserved 1048576K
}
Event: 19.719 GC heap before
{Heap before GC invocations=8 (full 0):
 garbage-first heap   total 200704K, used 26818K [0x000000008a400000, 0x0000000100000000)
  region size 1024K, 9 young (9216K), 1 survivors (1024K)
 Metaspace       used 17274K, capacity 18074K, committed 18304K, reserved 1064960K
  class space    used 2361K, capacity 2685K, committed 2688K, reserved 1048576K
}

Deoptimization events (0 events):
No events

Classes redefined (0 events):
No events

Internal exceptions (20 events):
Event: 19.349 Thread 0x00007f8958007000 Exception <a 'java/lang/ClassNotFoundException'{0x0000000095e46808}: org/springframework/boot/actuate/endpoint/jmx/DataEndpointMBean> (0x0000000095e46808) thrown at [./src/hotspot/share/classfile/systemDictionary.cpp, line 231]
Event: 19.349 Thread 0x00007f8958007000 Exception <a 'java/lang/ClassNotFoundException'{0x0000000095e46bb0}: org/springframework/context/support/LiveBeansView> (0x0000000095e46bb0) thrown at [./src/hotspot/share/classfile/systemDictionary.cpp, line 231]
Event: 19.349 Thread 0x00007f8958007000 Exception <a 'java/lang/ClassNotFoundException'{0x0000000095e46f78}: org/springframework/boot/actuate/endpoint/jmx/EndpointMBean> (0x0000000095e46f78) thrown at [./src/hotspot/share/classfile/systemDictionary.cpp, line 231]
Event: 19.349 Thread 0x00007f8958007000 Exception <a 'java/lang/ClassNotFoundException'{0x0000000095e47340}: org/springframework/boot/actuate/endpoint/jmx/DataEndpointMBean> (0x0000000095e47340) thrown at [./src/hotspot/share/classfile/systemDictionary.cpp, line 231]
Event: 19.349 Thread 0x00007f8958007000 Exception <a 'java/lang/ClassNotFoundException'{0x0000000095e47700}: org/springframework/context/support/LiveBeansView> (0x0000000095e47700) thrown at [./src/hotspot/share/classfile/systemDictionary.cpp, line 231]
Event: 19.385 Thread 0x00007f8958007000 Exception <a 'java/lang/ClassNotFoundException'{0x0000000095e91e18}: org/springframework/boot/actuate/endpoint/jmx/EndpointMBean> (0x0000000095e91e18) thrown at [./src/hotspot/share/classfile/systemDictionary.cpp, line 231]
Event: 19.388 Thread 0x00007f8958007000 Exception <a 'java/lang/ClassNotFoundException'{0x0000000095eca190}: org/springframework/boot/actuate/endpoint/jmx/DataEndpointMBean> (0x0000000095eca190) thrown at [./src/hotspot/share/classfile/systemDictionary.cpp, line 231]
Event: 19.391 Thread 0x00007f8958007000 Exception <a 'java/lang/ClassNotFoundException'{0x0000000095d02820}: org/springframework/context/support/LiveBeansView> (0x0000000095d02820) thrown at [./src/hotspot/share/classfile/systemDictionary.cpp, line 231]
Event: 19.391 Thread 0x00007f8958007000 Exception <a 'java/lang/ClassNotFoundException'{0x0000000095d02be0}: org/springframework/boot/actuate/endpoint/jmx/EndpointMBean> (0x0000000095d02be0) thrown at [./src/hotspot/share/classfile/systemDictionary.cpp, line 231]
Event: 19.391 Thread 0x00007f8958007000 Exception <a 'java/lang/ClassNotFoundException'{0x0000000095d02fa0}: org/springframework/boot/actuate/endpoint/jmx/DataEndpointMBean> (0x0000000095d02fa0) thrown at [./src/hotspot/share/classfile/systemDictionary.cpp, line 231]
Event: 19.391 Thread 0x00007f8958007000 Exception <a 'java/lang/ClassNotFoundException'{0x0000000095d03358}: org/springframework/context/support/LiveBeansView> (0x0000000095d03358) thrown at [./src/hotspot/share/classfile/systemDictionary.cpp, line 231]
Event: 19.391 Thread 0x00007f8958007000 Exception <a 'java/lang/ClassNotFoundException'{0x0000000095d03728}: org/springframework/boot/actuate/endpoint/jmx/EndpointMBean> (0x0000000095d03728) thrown at [./src/hotspot/share/classfile/systemDictionary.cpp, line 231]
Event: 19.391 Thread 0x00007f8958007000 Exception <a 'java/lang/ClassNotFoundException'{0x0000000095d03af8}: org/springframework/boot/actuate/endpoint/jmx/DataEndpointMBean> (0x0000000095d03af8) thrown at [./src/hotspot/share/classfile/systemDictionary.cpp, line 231]
Event: 19.391 Thread 0x00007f8958007000 Exception <a 'java/lang/ClassNotFoundException'{0x0000000095d03ec0}: org/springframework/context/support/LiveBeansView> (0x0000000095d03ec0) thrown at [./src/hotspot/share/classfile/systemDictionary.cpp, line 231]
Event: 19.391 Thread 0x00007f8958007000 Exception <a 'java/lang/ClassNotFoundException'{0x0000000095d04278}: org/springframework/boot/actuate/endpoint/jmx/EndpointMBean> (0x0000000095d04278) thrown at [./src/hotspot/share/classfile/systemDictionary.cpp, line 231]
Event: 19.391 Thread 0x00007f8958007000 Exception <a 'java/lang/ClassNotFoundException'{0x0000000095d04630}: org/springframework/boot/actuate/endpoint/jmx/DataEndpointMBean> (0x0000000095d04630) thrown at [./src/hotspot/share/classfile/systemDictionary.cpp, line 231]
Event: 19.391 Thread 0x00007f8958007000 Exception <a 'java/lang/ClassNotFoundException'{0x0000000095d049e0}: org/springframework/context/support/LiveBeansView> (0x0000000095d049e0) thrown at [./src/hotspot/share/classfile/systemDictionary.cpp, line 231]
Event: 19.391 Thread 0x00007f8958007000 Exception <a 'java/lang/ClassNotFoundException'{0x0000000095d05088}: org/springframework/boot/actuate/endpoint/jmx/EndpointMBean> (0x0000000095d05088) thrown at [./src/hotspot/share/classfile/systemDictionary.cpp, line 231]
Event: 19.391 Thread 0x00007f8958007000 Exception <a 'java/lang/ClassNotFoundException'{0x0000000095d05440}: org/springframework/boot/actuate/endpoint/jmx/DataEndpointMBean> (0x0000000095d05440) thrown at [./src/hotspot/share/classfile/systemDictionary.cpp, line 231]
Event: 19.391 Thread 0x00007f8958007000 Exception <a 'java/lang/ClassNotFoundException'{0x0000000095d057f0}: org/springframework/context/support/LiveBeansView> (0x0000000095d057f0) thrown at [./src/hotspot/share/classfile/systemDictionary.cpp, line 231]

Events (20 events):
Event: 19.540 loading class org/springframework/boot/web/servlet/context/ServletWebServerApplicationContext$ExistingWebApplicationScopes done
Event: 19.583 loading class org/springframework/context/support/PostProcessorRegistrationDelegate
Event: 19.583 loading class org/springframework/context/support/PostProcessorRegistrationDelegate done
Event: 19.599 loading class org/springframework/boot/autoconfigure/SharedMetadataReaderFactoryContextInitializer$SharedMetadataReaderFactoryBean
Event: 19.599 loading class org/springframework/boot/autoconfigure/SharedMetadataReaderFactoryContextInitializer$SharedMetadataReaderFactoryBean done
Event: 19.620 loading class org/springframework/boot/autoconfigure/SharedMetadataReaderFactoryContextInitializer$SharedMetadataReaderFactoryBean
Event: 19.620 loading class org/springframework/boot/autoconfigure/SharedMetadataReaderFactoryContextInitializer$SharedMetadataReaderFactoryBean done
Event: 19.622 loading class org/springframework/beans/factory/support/BeanDefinitionBuilder
Event: 19.622 loading class org/springframework/beans/factory/support/BeanDefinitionBuilder done
Event: 19.654 loading class com/fasterxml/jackson/datatype/jsr310/deser/InstantDeserializer$FromIntegerArguments
Event: 19.654 loading class com/fasterxml/jackson/datatype/jsr310/deser/InstantDeserializer$FromIntegerArguments done
Event: 19.654 loading class com/fasterxml/jackson/datatype/jsr310/deser/InstantDeserializer$FromIntegerArguments
Event: 19.654 loading class com/fasterxml/jackson/datatype/jsr310/deser/InstantDeserializer$FromIntegerArguments done
Event: 19.658 loading class com/fasterxml/jackson/datatype/jsr310/deser/InstantDeserializer$FromIntegerArguments
Event: 19.658 loading class com/fasterxml/jackson/datatype/jsr310/deser/InstantDeserializer$FromIntegerArguments done
Event: 19.658 loading class com/fasterxml/jackson/datatype/jsr310/deser/InstantDeserializer$FromDecimalArguments
Event: 19.658 loading class com/fasterxml/jackson/datatype/jsr310/deser/InstantDeserializer$FromDecimalArguments done
Event: 19.658 loading class com/fasterxml/jackson/datatype/jsr310/deser/InstantDeserializer$FromDecimalArguments
Event: 19.658 loading class com/fasterxml/jackson/datatype/jsr310/deser/InstantDeserializer$FromDecimalArguments done
Event: 19.677 Executing VM operation: G1CollectForAllocation


Dynamic libraries:
8a400000-96600000 rw-p 00000000 00:00 0 
a3600000-ffe00000 ---p 00000000 00:00 0 
ffe00000-ffe47000 rw-p 0110b000 b3:02 1573235                            /usr/lib/jvm/java-11-openjdk-amd64/lib/server/classes.jsa
ffe47000-fff00000 rw-p 00000000 00:00 0 
fff00000-fff6a000 rw-p 010a1000 b3:02 1573235                            /usr/lib/jvm/java-11-openjdk-amd64/lib/server/classes.jsa
fff6a000-100000000 rw-p 00000000 00:00 0 
800000000-800002000 rwxp 00001000 b3:02 1573235                          /usr/lib/jvm/java-11-openjdk-amd64/lib/server/classes.jsa
800002000-8003b8000 rw-p 00003000 b3:02 1573235                          /usr/lib/jvm/java-11-openjdk-amd64/lib/server/classes.jsa
8003b8000-800a93000 r--p 003b9000 b3:02 1573235                          /usr/lib/jvm/java-11-openjdk-amd64/lib/server/classes.jsa
800a93000-800a94000 rw-p 00a94000 b3:02 1573235                          /usr/lib/jvm/java-11-openjdk-amd64/lib/server/classes.jsa
800a94000-8010a0000 r--p 00a95000 b3:02 1573235                          /usr/lib/jvm/java-11-openjdk-amd64/lib/server/classes.jsa
840000000-8402a0000 rw-p 00000000 00:00 0 
8402a0000-880000000 ---p 00000000 00:00 0 
56298ebbc000-56298ebbd000 r-xp 00000000 b3:02 1577003                    /usr/lib/jvm/java-11-openjdk-amd64/bin/java
56298edbd000-56298edbe000 r--p 00001000 b3:02 1577003                    /usr/lib/jvm/java-11-openjdk-amd64/bin/java
56298edbe000-56298edbf000 rw-p 00002000 b3:02 1577003                    /usr/lib/jvm/java-11-openjdk-amd64/bin/java
56299098b000-5629909d2000 rw-p 00000000 00:00 0                          [heap]
7f8958000000-7f8958021000 rw-p 00000000 00:00 0 
7f8958021000-7f895c000000 ---p 00000000 00:00 0 
7f895c000000-7f895c021000 rw-p 00000000 00:00 0 
7f895c021000-7f8960000000 ---p 00000000 00:00 0 
7f8960000000-7f8960031000 rw-p 00000000 00:00 0 
7f8960031000-7f8964000000 ---p 00000000 00:00 0 
7f8964000000-7f8964021000 rw-p 00000000 00:00 0 
7f8964021000-7f8968000000 ---p 00000000 00:00 0 
7f8968000000-7f896802f000 rw-p 00000000 00:00 0 
7f896802f000-7f896c000000 ---p 00000000 00:00 0 
7f896c000000-7f896c396000 rw-p 00000000 00:00 0 
7f896c396000-7f8970000000 ---p 00000000 00:00 0 
7f8970000000-7f8970031000 rw-p 00000000 00:00 0 
7f8970031000-7f8974000000 ---p 00000000 00:00 0 
7f8974000000-7f8974021000 rw-p 00000000 00:00 0 
7f8974021000-7f8978000000 ---p 00000000 00:00 0 
7f8978000000-7f897804b000 rw-p 00000000 00:00 0 
7f897804b000-7f897c000000 ---p 00000000 00:00 0 
7f897c000000-7f897c021000 rw-p 00000000 00:00 0 
7f897c021000-7f8980000000 ---p 00000000 00:00 0 
7f89809e7000-7f8980b27000 rw-p 00000000 00:00 0 
7f8980b27000-7f8980be7000 ---p 00000000 00:00 0 
7f8980be7000-7f8980beb000 ---p 00000000 00:00 0 
7f8980beb000-7f8980ce8000 rw-p 00000000 00:00 0 
7f8980ce8000-7f8980cec000 ---p 00000000 00:00 0 
7f8980cec000-7f8980fe9000 rw-p 00000000 00:00 0 
7f8980fe9000-7f89811e9000 rw-p 00000000 00:00 0 
7f89811e9000-7f89813e9000 rw-p 00000000 00:00 0 
7f89813e9000-7f89813ed000 ---p 00000000 00:00 0 
7f89813ed000-7f89814ea000 rw-p 00000000 00:00 0 
7f89814ea000-7f89814ee000 ---p 00000000 00:00 0 
7f89814ee000-7f89815eb000 rw-p 00000000 00:00 0 
7f89815eb000-7f89815ef000 ---p 00000000 00:00 0 
7f89815ef000-7f89816ec000 rw-p 00000000 00:00 0 
7f89816ec000-7f89816f0000 ---p 00000000 00:00 0 
7f89816f0000-7f89817ed000 rw-p 00000000 00:00 0 
7f89817ed000-7f89817f1000 ---p 00000000 00:00 0 
7f89817f1000-7f89818ee000 rw-p 00000000 00:00 0 
7f89818ee000-7f89818f2000 ---p 00000000 00:00 0 
7f89818f2000-7f89819ef000 rw-p 00000000 00:00 0 
7f89819ef000-7f89819f3000 ---p 00000000 00:00 0 
7f89819f3000-7f8981af0000 rw-p 00000000 00:00 0 
7f8981af0000-7f8981af4000 ---p 00000000 00:00 0 
7f8981af4000-7f8981bf1000 rw-p 00000000 00:00 0 
7f8981bf1000-7f8981bf5000 ---p 00000000 00:00 0 
7f8981bf5000-7f8981cf2000 rw-p 00000000 00:00 0 
7f8981cf2000-7f8981cf6000 ---p 00000000 00:00 0 
7f8981cf6000-7f8981df3000 rw-p 00000000 00:00 0 
7f8981df3000-7f8981df7000 ---p 00000000 00:00 0 
7f8981df7000-7f8981ef4000 rw-p 00000000 00:00 0 
7f8981ef4000-7f8981ef5000 ---p 00000000 00:00 0 
7f8981ef5000-7f8981ff6000 rw-p 00000000 00:00 0 
7f8981ff6000-7f8981ffa000 ---p 00000000 00:00 0 
7f8981ffa000-7f89820f7000 rw-p 00000000 00:00 0 
7f89820f7000-7f89820fb000 ---p 00000000 00:00 0 
7f89820fb000-7f89821f8000 rw-p 00000000 00:00 0 
7f89821f8000-7f89821fc000 ---p 00000000 00:00 0 
7f89821fc000-7f89822f9000 rw-p 00000000 00:00 0 
7f89822f9000-7f89822fb000 r-xp 00000000 b3:02 1577345                    /usr/lib/jvm/java-11-openjdk-amd64/lib/libextnet.so
7f89822fb000-7f89824fa000 ---p 00002000 b3:02 1577345                    /usr/lib/jvm/java-11-openjdk-amd64/lib/libextnet.so
7f89824fa000-7f89824fb000 r--p 00001000 b3:02 1577345                    /usr/lib/jvm/java-11-openjdk-amd64/lib/libextnet.so
7f89824fb000-7f89824fc000 rw-p 00002000 b3:02 1577345                    /usr/lib/jvm/java-11-openjdk-amd64/lib/libextnet.so
7f89824fc000-7f8982501000 r-xp 00000000 b3:02 1577362                    /usr/lib/jvm/java-11-openjdk-amd64/lib/libmanagement_ext.so
7f8982501000-7f8982700000 ---p 00005000 b3:02 1577362                    /usr/lib/jvm/java-11-openjdk-amd64/lib/libmanagement_ext.so
7f8982700000-7f8982701000 r--p 00004000 b3:02 1577362                    /usr/lib/jvm/java-11-openjdk-amd64/lib/libmanagement_ext.so
7f8982701000-7f8982702000 rw-p 00005000 b3:02 1577362                    /usr/lib/jvm/java-11-openjdk-amd64/lib/libmanagement_ext.so
7f8982702000-7f8982706000 r-xp 00000000 b3:02 1577360                    /usr/lib/jvm/java-11-openjdk-amd64/lib/libmanagement.so
7f8982706000-7f8982905000 ---p 00004000 b3:02 1577360                    /usr/lib/jvm/java-11-openjdk-amd64/lib/libmanagement.so
7f8982905000-7f8982906000 r--p 00003000 b3:02 1577360                    /usr/lib/jvm/java-11-openjdk-amd64/lib/libmanagement.so
7f8982906000-7f8982907000 rw-p 00004000 b3:02 1577360                    /usr/lib/jvm/java-11-openjdk-amd64/lib/libmanagement.so
7f8982907000-7f8982908000 ---p 00000000 00:00 0 
7f8982908000-7f8982a09000 rw-p 00000000 00:00 0 
7f8982a09000-7f8982a1f000 r-xp 00000000 b3:02 1577364                    /usr/lib/jvm/java-11-openjdk-amd64/lib/libnet.so
7f8982a1f000-7f8982c1e000 ---p 00016000 b3:02 1577364                    /usr/lib/jvm/java-11-openjdk-amd64/lib/libnet.so
7f8982c1e000-7f8982c1f000 r--p 00015000 b3:02 1577364                    /usr/lib/jvm/java-11-openjdk-amd64/lib/libnet.so
7f8982c1f000-7f8982c20000 rw-p 00016000 b3:02 1577364                    /usr/lib/jvm/java-11-openjdk-amd64/lib/libnet.so
7f8982c20000-7f8982c30000 r-xp 00000000 b3:02 1577365                    /usr/lib/jvm/java-11-openjdk-amd64/lib/libnio.so
7f8982c30000-7f8982e2f000 ---p 00010000 b3:02 1577365                    /usr/lib/jvm/java-11-openjdk-amd64/lib/libnio.so
7f8982e2f000-7f8982e30000 r--p 0000f000 b3:02 1577365                    /usr/lib/jvm/java-11-openjdk-amd64/lib/libnio.so
7f8982e30000-7f8982e31000 rw-p 00010000 b3:02 1577365                    /usr/lib/jvm/java-11-openjdk-amd64/lib/libnio.so
7f8982e31000-7f8983800000 r--p 00000000 b3:02 267134                     /usr/lib/locale/locale-archive
7f8983800000-7f8984000000 rw-p 00000000 00:00 0 
7f8984000000-7f8984024000 rw-p 00000000 00:00 0 
7f8984024000-7f8988000000 ---p 00000000 00:00 0 
7f8988000000-7f8988021000 rw-p 00000000 00:00 0 
7f8988021000-7f898c000000 ---p 00000000 00:00 0 
7f898c000000-7f898c021000 rw-p 00000000 00:00 0 
7f898c021000-7f8990000000 ---p 00000000 00:00 0 
7f899008e000-7f8990092000 ---p 00000000 00:00 0 
7f8990092000-7f899018f000 rw-p 00000000 00:00 0 
7f899018f000-7f8990193000 ---p 00000000 00:00 0 
7f8990193000-7f8992598000 rw-p 00000000 00:00 0 
7f8992598000-7f8993ff8000 ---p 00000000 00:00 0 
7f8993ff8000-7f8994000000 rw-p 00000000 00:00 0 
7f8994000000-7f89942b8000 rw-p 00000000 00:00 0 
7f89942b8000-7f8998000000 ---p 00000000 00:00 0 
7f8998022000-7f8998053000 rw-p 00000000 00:00 0 
7f8998053000-7f8998057000 ---p 00000000 00:00 0 
7f8998057000-7f8998154000 rw-p 00000000 00:00 0 
7f8998154000-7f8998158000 ---p 00000000 00:00 0 
7f8998158000-7f8998255000 rw-p 00000000 00:00 0 
7f8998255000-7f8998259000 ---p 00000000 00:00 0 
7f8998259000-7f8998356000 rw-p 00000000 00:00 0 
7f8998356000-7f899835a000 ---p 00000000 00:00 0 
7f899835a000-7f8998457000 rw-p 00000000 00:00 0 
7f8998457000-7f899845b000 ---p 00000000 00:00 0 
7f899845b000-7f8998558000 rw-p 00000000 00:00 0 
7f8998558000-7f8998559000 ---p 00000000 00:00 0 
7f8998559000-7f8998736000 rw-p 00000000 00:00 0 
7f8998736000-7f8998737000 ---p 00000000 00:00 0 
7f8998737000-7f8998838000 rw-p 00000000 00:00 0 
7f8998838000-7f8998839000 ---p 00000000 00:00 0 
7f8998839000-7f8998b3c000 rw-p 00000000 00:00 0 
7f8998b3c000-7f8998b3d000 ---p 00000000 00:00 0 
7f8998b3d000-7f8998c3e000 rw-p 00000000 00:00 0 
7f8998c3e000-7f8998c3f000 ---p 00000000 00:00 0 
7f8998c3f000-7f8999048000 rw-p 00000000 00:00 0 
7f8999048000-7f899aaa8000 ---p 00000000 00:00 0 
7f899aaa8000-7f899ab11000 rw-p 00000000 00:00 0 
7f899ab11000-7f899ae5d000 ---p 00000000 00:00 0 
7f899ae5d000-7f899aebf000 rw-p 00000000 00:00 0 
7f899aebf000-7f899b20b000 ---p 00000000 00:00 0 
7f899b20b000-7f899b26d000 rw-p 00000000 00:00 0 
7f899b26d000-7f899b5b9000 ---p 00000000 00:00 0 
7f899b5b9000-7f899b7bc000 rw-p 00000000 00:00 0 
7f899b7bc000-7f899b7bd000 ---p 00000000 00:00 0 
7f899b7bd000-7f899b8c5000 rw-p 00000000 00:00 0 
7f899b8c5000-7f899ba92000 ---p 00000000 00:00 0 
7f899ba92000-7f899bd02000 rwxp 00000000 00:00 0 
7f899bd02000-7f899c0ac000 ---p 00000000 00:00 0 
7f899c0ac000-7f899c42c000 rwxp 00000000 00:00 0 
7f899c42c000-7f89aaa92000 ---p 00000000 00:00 0 
7f89aaa92000-7f89b3185000 r--s 00000000 b3:02 1577374                    /usr/lib/jvm/java-11-openjdk-amd64/lib/modules
7f89b3185000-7f89b318a000 r-xp 00000000 b3:02 1577356                    /usr/lib/jvm/java-11-openjdk-amd64/lib/libjimage.so
7f89b318a000-7f89b3389000 ---p 00005000 b3:02 1577356                    /usr/lib/jvm/java-11-openjdk-amd64/lib/libjimage.so
7f89b3389000-7f89b338a000 r--p 00004000 b3:02 1577356                    /usr/lib/jvm/java-11-openjdk-amd64/lib/libjimage.so
7f89b338a000-7f89b338b000 rw-p 00005000 b3:02 1577356                    /usr/lib/jvm/java-11-openjdk-amd64/lib/libjimage.so
7f89b338b000-7f89b3392000 r-xp 00000000 b3:02 1577373                    /usr/lib/jvm/java-11-openjdk-amd64/lib/libzip.so
7f89b3392000-7f89b3591000 ---p 00007000 b3:02 1577373                    /usr/lib/jvm/java-11-openjdk-amd64/lib/libzip.so
7f89b3591000-7f89b3592000 r--p 00006000 b3:02 1577373                    /usr/lib/jvm/java-11-openjdk-amd64/lib/libzip.so
7f89b3592000-7f89b3593000 rw-p 00007000 b3:02 1577373                    /usr/lib/jvm/java-11-openjdk-amd64/lib/libzip.so
7f89b3593000-7f89b359e000 r-xp 00000000 b3:02 1706316                    /lib/x86_64-linux-gnu/libnss_files-2.27.so
7f89b359e000-7f89b379d000 ---p 0000b000 b3:02 1706316                    /lib/x86_64-linux-gnu/libnss_files-2.27.so
7f89b379d000-7f89b379e000 r--p 0000a000 b3:02 1706316                    /lib/x86_64-linux-gnu/libnss_files-2.27.so
7f89b379e000-7f89b379f000 rw-p 0000b000 b3:02 1706316                    /lib/x86_64-linux-gnu/libnss_files-2.27.so
7f89b379f000-7f89b37a5000 rw-p 00000000 00:00 0 
7f89b37a5000-7f89b37bc000 r-xp 00000000 b3:02 1706310                    /lib/x86_64-linux-gnu/libnsl-2.27.so
7f89b37bc000-7f89b39bb000 ---p 00017000 b3:02 1706310                    /lib/x86_64-linux-gnu/libnsl-2.27.so
7f89b39bb000-7f89b39bc000 r--p 00016000 b3:02 1706310                    /lib/x86_64-linux-gnu/libnsl-2.27.so
7f89b39bc000-7f89b39bd000 rw-p 00017000 b3:02 1706310                    /lib/x86_64-linux-gnu/libnsl-2.27.so
7f89b39bd000-7f89b39bf000 rw-p 00000000 00:00 0 
7f89b39bf000-7f89b39ca000 r-xp 00000000 b3:02 1706327                    /lib/x86_64-linux-gnu/libnss_nis-2.27.so
7f89b39ca000-7f89b3bc9000 ---p 0000b000 b3:02 1706327                    /lib/x86_64-linux-gnu/libnss_nis-2.27.so
7f89b3bc9000-7f89b3bca000 r--p 0000a000 b3:02 1706327                    /lib/x86_64-linux-gnu/libnss_nis-2.27.so
7f89b3bca000-7f89b3bcb000 rw-p 0000b000 b3:02 1706327                    /lib/x86_64-linux-gnu/libnss_nis-2.27.so
7f89b3bcb000-7f89b3bd3000 r-xp 00000000 b3:02 1706312                    /lib/x86_64-linux-gnu/libnss_compat-2.27.so
7f89b3bd3000-7f89b3dd3000 ---p 00008000 b3:02 1706312                    /lib/x86_64-linux-gnu/libnss_compat-2.27.so
7f89b3dd3000-7f89b3dd4000 r--p 00008000 b3:02 1706312                    /lib/x86_64-linux-gnu/libnss_compat-2.27.so
7f89b3dd4000-7f89b3dd5000 rw-p 00009000 b3:02 1706312                    /lib/x86_64-linux-gnu/libnss_compat-2.27.so
7f89b3dd5000-7f89b3dfe000 r-xp 00000000 b3:02 1577352                    /usr/lib/jvm/java-11-openjdk-amd64/lib/libjava.so
7f89b3dfe000-7f89b3ffd000 ---p 00029000 b3:02 1577352                    /usr/lib/jvm/java-11-openjdk-amd64/lib/libjava.so
7f89b3ffd000-7f89b3ffe000 r--p 00028000 b3:02 1577352                    /usr/lib/jvm/java-11-openjdk-amd64/lib/libjava.so
7f89b3ffe000-7f89b4000000 rw-p 00029000 b3:02 1577352                    /usr/lib/jvm/java-11-openjdk-amd64/lib/libjava.so
7f89b4000000-7f89b4f2e000 rw-p 00000000 00:00 0 
7f89b4f2e000-7f89b8000000 ---p 00000000 00:00 0 
7f89b802f000-7f89b803c000 r-xp 00000000 b3:02 1577372                    /usr/lib/jvm/java-11-openjdk-amd64/lib/libverify.so
7f89b803c000-7f89b823b000 ---p 0000d000 b3:02 1577372                    /usr/lib/jvm/java-11-openjdk-amd64/lib/libverify.so
7f89b823b000-7f89b823d000 r--p 0000c000 b3:02 1577372                    /usr/lib/jvm/java-11-openjdk-amd64/lib/libverify.so
7f89b823d000-7f89b823e000 rw-p 0000e000 b3:02 1577372                    /usr/lib/jvm/java-11-openjdk-amd64/lib/libverify.so
7f89b823e000-7f89b8245000 r-xp 00000000 b3:02 1706367                    /lib/x86_64-linux-gnu/librt-2.27.so
7f89b8245000-7f89b8444000 ---p 00007000 b3:02 1706367                    /lib/x86_64-linux-gnu/librt-2.27.so
7f89b8444000-7f89b8445000 r--p 00006000 b3:02 1706367                    /lib/x86_64-linux-gnu/librt-2.27.so
7f89b8445000-7f89b8446000 rw-p 00007000 b3:02 1706367                    /lib/x86_64-linux-gnu/librt-2.27.so
7f89b8446000-7f89b845d000 r-xp 00000000 b3:02 1701381                    /lib/x86_64-linux-gnu/libgcc_s.so.1
7f89b845d000-7f89b865c000 ---p 00017000 b3:02 1701381                    /lib/x86_64-linux-gnu/libgcc_s.so.1
7f89b865c000-7f89b865d000 r--p 00016000 b3:02 1701381                    /lib/x86_64-linux-gnu/libgcc_s.so.1
7f89b865d000-7f89b865e000 rw-p 00017000 b3:02 1701381                    /lib/x86_64-linux-gnu/libgcc_s.so.1
7f89b865e000-7f89b87fb000 r-xp 00000000 b3:02 1706289                    /lib/x86_64-linux-gnu/libm-2.27.so
7f89b87fb000-7f89b89fa000 ---p 0019d000 b3:02 1706289                    /lib/x86_64-linux-gnu/libm-2.27.so
7f89b89fa000-7f89b89fb000 r--p 0019c000 b3:02 1706289                    /lib/x86_64-linux-gnu/libm-2.27.so
7f89b89fb000-7f89b89fc000 rw-p 0019d000 b3:02 1706289                    /lib/x86_64-linux-gnu/libm-2.27.so
7f89b89fc000-7f89b8b75000 r-xp 00000000 b3:02 262164                     /usr/lib/x86_64-linux-gnu/libstdc++.so.6.0.25
7f89b8b75000-7f89b8d75000 ---p 00179000 b3:02 262164                     /usr/lib/x86_64-linux-gnu/libstdc++.so.6.0.25
7f89b8d75000-7f89b8d7f000 r--p 00179000 b3:02 262164                     /usr/lib/x86_64-linux-gnu/libstdc++.so.6.0.25
7f89b8d7f000-7f89b8d81000 rw-p 00183000 b3:02 262164                     /usr/lib/x86_64-linux-gnu/libstdc++.so.6.0.25
7f89b8d81000-7f89b8d85000 rw-p 00000000 00:00 0 
7f89b8d85000-7f89b9e62000 r-xp 00000000 b3:02 1577377                    /usr/lib/jvm/java-11-openjdk-amd64/lib/server/libjvm.so
7f89b9e62000-7f89ba061000 ---p 010dd000 b3:02 1577377                    /usr/lib/jvm/java-11-openjdk-amd64/lib/server/libjvm.so
7f89ba061000-7f89ba11e000 r--p 010dc000 b3:02 1577377                    /usr/lib/jvm/java-11-openjdk-amd64/lib/server/libjvm.so
7f89ba11e000-7f89ba158000 rw-p 01199000 b3:02 1577377                    /usr/lib/jvm/java-11-openjdk-amd64/lib/server/libjvm.so
7f89ba158000-7f89ba1ae000 rw-p 00000000 00:00 0 
7f89ba1ae000-7f89ba1c8000 r-xp 00000000 b3:02 1706359                    /lib/x86_64-linux-gnu/libpthread-2.27.so
7f89ba1c8000-7f89ba3c7000 ---p 0001a000 b3:02 1706359                    /lib/x86_64-linux-gnu/libpthread-2.27.so
7f89ba3c7000-7f89ba3c8000 r--p 00019000 b3:02 1706359                    /lib/x86_64-linux-gnu/libpthread-2.27.so
7f89ba3c8000-7f89ba3c9000 rw-p 0001a000 b3:02 1706359                    /lib/x86_64-linux-gnu/libpthread-2.27.so
7f89ba3c9000-7f89ba3cd000 rw-p 00000000 00:00 0 
7f89ba3cd000-7f89ba3d0000 r-xp 00000000 b3:02 1706249                    /lib/x86_64-linux-gnu/libdl-2.27.so
7f89ba3d0000-7f89ba5cf000 ---p 00003000 b3:02 1706249                    /lib/x86_64-linux-gnu/libdl-2.27.so
7f89ba5cf000-7f89ba5d0000 r--p 00002000 b3:02 1706249                    /lib/x86_64-linux-gnu/libdl-2.27.so
7f89ba5d0000-7f89ba5d1000 rw-p 00003000 b3:02 1706249                    /lib/x86_64-linux-gnu/libdl-2.27.so
7f89ba5d1000-7f89ba5ed000 r-xp 00000000 b3:02 1706398                    /lib/x86_64-linux-gnu/libz.so.1.2.11
7f89ba5ed000-7f89ba7ec000 ---p 0001c000 b3:02 1706398                    /lib/x86_64-linux-gnu/libz.so.1.2.11
7f89ba7ec000-7f89ba7ed000 r--p 0001b000 b3:02 1706398                    /lib/x86_64-linux-gnu/libz.so.1.2.11
7f89ba7ed000-7f89ba7ee000 rw-p 0001c000 b3:02 1706398                    /lib/x86_64-linux-gnu/libz.so.1.2.11
7f89ba7ee000-7f89ba9d5000 r-xp 00000000 b3:02 1706226                    /lib/x86_64-linux-gnu/libc-2.27.so
7f89ba9d5000-7f89babd5000 ---p 001e7000 b3:02 1706226                    /lib/x86_64-linux-gnu/libc-2.27.so
7f89babd5000-7f89babd9000 r--p 001e7000 b3:02 1706226                    /lib/x86_64-linux-gnu/libc-2.27.so
7f89babd9000-7f89babdb000 rw-p 001eb000 b3:02 1706226                    /lib/x86_64-linux-gnu/libc-2.27.so
7f89babdb000-7f89babdf000 rw-p 00000000 00:00 0 
7f89babdf000-7f89babef000 r-xp 00000000 b3:02 1577336                    /usr/lib/jvm/java-11-openjdk-amd64/lib/jli/libjli.so
7f89babef000-7f89badee000 ---p 00010000 b3:02 1577336                    /usr/lib/jvm/java-11-openjdk-amd64/lib/jli/libjli.so
7f89badee000-7f89badef000 r--p 0000f000 b3:02 1577336                    /usr/lib/jvm/java-11-openjdk-amd64/lib/jli/libjli.so
7f89badef000-7f89badf0000 rw-p 00010000 b3:02 1577336                    /usr/lib/jvm/java-11-openjdk-amd64/lib/jli/libjli.so
7f89badf0000-7f89bae17000 r-xp 00000000 b3:02 1706198                    /lib/x86_64-linux-gnu/ld-2.27.so
7f89bae47000-7f89baef5000 rw-p 00000000 00:00 0 
7f89baef5000-7f89baefd000 ---p 00000000 00:00 0 
7f89baefd000-7f89baf01000 ---p 00000000 00:00 0 
7f89baf01000-7f89bb000000 rw-p 00000000 00:00 0 
7f89bb009000-7f89bb00b000 r--s 00007000 b3:02 667473                     /usr/share/java/java-atk-wrapper.jar
7f89bb00b000-7f89bb013000 rw-s 00000000 b3:02 668400                     /tmp/hsperfdata_mobicomp/27962
7f89bb013000-7f89bb014000 ---p 00000000 00:00 0 
7f89bb014000-7f89bb015000 r--p 00000000 00:00 0 
7f89bb015000-7f89bb017000 rw-p 00000000 00:00 0 
7f89bb017000-7f89bb018000 r--p 00027000 b3:02 1706198                    /lib/x86_64-linux-gnu/ld-2.27.so
7f89bb018000-7f89bb019000 rw-p 00028000 b3:02 1706198                    /lib/x86_64-linux-gnu/ld-2.27.so
7f89bb019000-7f89bb01a000 rw-p 00000000 00:00 0 
7ffcab50d000-7ffcab535000 rw-p 00000000 00:00 0                          [stack]
7ffcab57e000-7ffcab581000 r--p 00000000 00:00 0                          [vvar]
7ffcab581000-7ffcab583000 r-xp 00000000 00:00 0                          [vdso]
ffffffffff600000-ffffffffff601000 r-xp 00000000 00:00 0                  [vsyscall]


VM Arguments:
jvm_args: -Dcom.sun.management.jmxremote -Dcom.sun.management.jmxremote.port=35009 -Dcom.sun.management.jmxremote.authenticate=false -Dcom.sun.management.jmxremote.ssl=false -Djava.rmi.server.hostname=localhost -Dspring.jmx.enabled=true -Dspring.application.admin.enabled=true -Xverify:none -XX:TieredStopAtLevel=1 -Dspring.boot.project.name=Book-Store-Application -Dfile.encoding=UTF-8 
java_command: com.bridgelabz.bookstore.BookStoreApplication --spring.output.ansi.enabled=always
java_class_path (initial): /home/mobicomp/Music/Ideation-Backend/Book-Store-Application/target/classes:/home/mobicomp/.m2/repository/org/springframework/boot/spring-boot-starter-web/2.2.6.RELEASE/spring-boot-starter-web-2.2.6.RELEASE.jar:/home/mobicomp/.m2/repository/org/springframework/boot/spring-boot-starter/2.2.6.RELEASE/spring-boot-starter-2.2.6.RELEASE.jar:/home/mobicomp/.m2/repository/org/springframework/boot/spring-boot/2.2.6.RELEASE/spring-boot-2.2.6.RELEASE.jar:/home/mobicomp/.m2/repository/org/springframework/boot/spring-boot-autoconfigure/2.2.6.RELEASE/spring-boot-autoconfigure-2.2.6.RELEASE.jar:/home/mobicomp/.m2/repository/org/springframework/boot/spring-boot-starter-logging/2.2.6.RELEASE/spring-boot-starter-logging-2.2.6.RELEASE.jar:/home/mobicomp/.m2/repository/ch/qos/logback/logback-classic/1.2.3/logback-classic-1.2.3.jar:/home/mobicomp/.m2/repository/ch/qos/logback/logback-core/1.2.3/logback-core-1.2.3.jar:/home/mobicomp/.m2/repository/org/apache/logging/log4j/log4j-to-slf4j/2.12.1/log4j-to-slf4j-2.12.1.jar:/home/mobicomp/.m2/repository/org/slf4j/jul-to-slf4j/1.7.30/jul-to-slf4j-1.7.30.jar:/home/mobicomp/.m2/repository/jakarta/annotation/jakarta.annotation-api/1.3.5/jakarta.annotation-api-1.3.5.jar:/home/mobicomp/.m2/repository/org/yaml/snakeyaml/1.25/snakeyaml-1.25.jar:/home/mobicomp/.m2/repository/org/springframework/boot/spring-boot-starter-json/2.2.6.RELEASE/spring-boot-starter-json-2.2.6.RELEASE.jar:/home/mobicomp/.m2/repository/com/fasterxml/jackson/datatype/jackson-datatype-jdk8/2.10.3/jackson-datatype-jdk8-2.10.3.jar:/home/mobicomp/.m2/repository/com/fasterxml/jackson/datatype/jackson-datatype-jsr310/2.10.3/jackson-datatype-jsr310-2.10.3.jar:/home/mobicomp/.m2/repository/com/fasterxml/jackson/module/jackson-module-parameter-names/2.10.3/jackson-module-parameter-names-2.10.3.jar:/home/mobicomp/.m2/repository/org/springframework/boot/spring-boot-starter-tomcat/2.2.6.RELEASE/spring-boot-starter-tomcat-2.2.6.RELEASE.jar:/home/mobicomp/.m2/rep
Launcher Type: SUN_STANDARD

[Global flags]
     bool BytecodeVerificationLocal                = false                                     {product} {command line}
     bool BytecodeVerificationRemote               = false                                     {product} {command line}
     intx CICompilerCount                          = 2                                         {product} {ergonomic}
     uint ConcGCThreads                            = 1                                         {product} {ergonomic}
     uint G1ConcRefinementThreads                  = 2                                         {product} {ergonomic}
   size_t G1HeapRegionSize                         = 1048576                                   {product} {ergonomic}
    uintx GCDrainStackTargetSize                   = 64                                        {product} {ergonomic}
   size_t InitialHeapSize                          = 123731968                                 {product} {ergonomic}
     bool ManagementServer                         = true                                      {product} {command line}
   size_t MarkStackSize                            = 4194304                                   {product} {ergonomic}
   size_t MaxHeapSize                              = 1975517184                                {product} {ergonomic}
   size_t MaxNewSize                               = 1184890880                                {product} {ergonomic}
   size_t MinHeapDeltaBytes                        = 1048576                                   {product} {ergonomic}
    uintx NonNMethodCodeHeapSize                   = 6396312                                {pd product} {ergonomic}
    uintx NonProfiledCodeHeapSize                  = 245261928                              {pd product} {ergonomic}
    uintx ProfiledCodeHeapSize                     = 0                                      {pd product} {ergonomic}
    uintx ReservedCodeCacheSize                    = 251658240                              {pd product} {ergonomic}
     bool SegmentedCodeCache                       = true                                      {product} {ergonomic}
     intx TieredStopAtLevel                        = 1                                         {product} {command line}
     bool UseCompressedClassPointers               = true                                 {lp64_product} {ergonomic}
     bool UseCompressedOops                        = true                                 {lp64_product} {ergonomic}
     bool UseG1GC                                  = true                                      {product} {ergonomic}

Logging:
Log output configuration:
 #0: stdout all=warning uptime,level,tags
 #1: stderr all=off uptime,level,tags

Environment Variables:
PATH=/usr/local/sbin:/usr/local/bin:/usr/sbin:/usr/bin:/sbin:/bin:/usr/games:/usr/local/games:/snap/bin
USERNAME=mobicomp
SHELL=/bin/bash
DISPLAY=:0

Signal Handlers:
SIGSEGV: [libjvm.so+0xdf8d00], sa_mask[0]=11111111011111111101111111111110, sa_flags=SA_RESTART|SA_SIGINFO
SIGBUS: [libjvm.so+0xdf8d00], sa_mask[0]=11111111011111111101111111111110, sa_flags=SA_RESTART|SA_SIGINFO
SIGFPE: [libjvm.so+0xdf8d00], sa_mask[0]=11111111011111111101111111111110, sa_flags=SA_RESTART|SA_SIGINFO
SIGPIPE: [libjvm.so+0xbcbc30], sa_mask[0]=11111111011111111101111111111110, sa_flags=SA_RESTART|SA_SIGINFO
SIGXFSZ: [libjvm.so+0xbcbc30], sa_mask[0]=11111111011111111101111111111110, sa_flags=SA_RESTART|SA_SIGINFO
SIGILL: [libjvm.so+0xdf8d00], sa_mask[0]=11111111011111111101111111111110, sa_flags=SA_RESTART|SA_SIGINFO
SIGUSR2: [libjvm.so+0xbcbad0], sa_mask[0]=00100000000000000000000000000000, sa_flags=SA_RESTART|SA_SIGINFO
SIGHUP: [libjvm.so+0xbcbe30], sa_mask[0]=11111111011111111101111111111110, sa_flags=SA_RESTART|SA_SIGINFO
SIGINT: [libjvm.so+0xbcbe30], sa_mask[0]=11111111011111111101111111111110, sa_flags=SA_RESTART|SA_SIGINFO
SIGTERM: [libjvm.so+0xbcbe30], sa_mask[0]=11111111011111111101111111111110, sa_flags=SA_RESTART|SA_SIGINFO
SIGQUIT: [libjvm.so+0xbcbe30], sa_mask[0]=11111111011111111101111111111110, sa_flags=SA_RESTART|SA_SIGINFO


---------------  S Y S T E M  ---------------

OS:DISTRIB_ID=Ubuntu
DISTRIB_RELEASE=18.04
DISTRIB_CODENAME=bionic
DISTRIB_DESCRIPTION="Ubuntu 18.04.1 LTS"
uname:Linux 4.15.0-108-generic #109-Ubuntu SMP Fri Jun 19 11:33:10 UTC 2020 x86_64
OS uptime: 0 days 11:31 hours
libc:glibc 2.27 NPTL 2.27 
rlimit: STACK 8192k, CORE 0k, NPROC 29761, NOFILE 4096, AS infinity, CPU infinity, DATA infinity, FSIZE infinity
load average:8.67 3.34 2.52

/proc/meminfo:
MemTotal:        7711512 kB
MemFree:          113688 kB
MemAvailable:      27572 kB
Buffers:             776 kB
Cached:           941840 kB
SwapCached:         1608 kB
Active:          6277516 kB
Inactive:         921184 kB
Active(anon):    6261652 kB
Inactive(anon):   894536 kB
Active(file):      15864 kB
Inactive(file):    26648 kB
Unevictable:          64 kB
Mlocked:              64 kB
SwapTotal:       1393948 kB
SwapFree:              0 kB
Dirty:               104 kB
Writeback:            92 kB
AnonPages:       6254664 kB
Mapped:           108552 kB
Shmem:            900068 kB
Slab:             152320 kB
SReclaimable:      67380 kB
SUnreclaim:        84940 kB
KernelStack:       24176 kB
PageTables:       120552 kB
NFS_Unstable:          0 kB
Bounce:                0 kB
WritebackTmp:          0 kB
CommitLimit:     5249704 kB
Committed_AS:   19437780 kB
VmallocTotal:   34359738367 kB
VmallocUsed:           0 kB
VmallocChunk:          0 kB
HardwareCorrupted:     0 kB
AnonHugePages:         0 kB
ShmemHugePages:        0 kB
ShmemPmdMapped:        0 kB
CmaTotal:              0 kB
CmaFree:               0 kB
HugePages_Total:       0
HugePages_Free:        0
HugePages_Rsvd:        0
HugePages_Surp:        0
Hugepagesize:       2048 kB
DirectMap4k:      418208 kB
DirectMap2M:     7510016 kB
DirectMap1G:     2097152 kB


/proc/sys/kernel/threads-max (system-wide limit on the number of threads):
59522


/proc/sys/vm/max_map_count (maximum number of memory map areas a process may have):
262144


/proc/sys/kernel/pid_max (system-wide limit on number of process identifiers):
32768



container (cgroup) information:
container_type: cgroupv1
cpu_cpuset_cpus: 0-1
cpu_memory_nodes: 0
active_processor_count: 2
cpu_quota: -1
cpu_period: 100000
cpu_shares: -1
memory_limit_in_bytes: -1
memory_and_swap_limit_in_bytes: -2
memory_soft_limit_in_bytes: -1
memory_usage_in_bytes: 7370858496
memory_max_usage_in_bytes: 8245248

Steal ticks since vm start: 0
Steal ticks percentage since vm start:  0.000

CPU:total 2 (initial active 2) (2 cores per cpu, 1 threads per core) family 6 model 122 stepping 1, cmov, cx8, fxsr, mmx, sse, sse2, sse3, ssse3, sse4.1, sse4.2, popcnt, aes, clmul, erms, 3dnowpref, tsc, tscinvbit, sha
CPU Model and flags from /proc/cpuinfo:
model name	: Intel(R) Celeron(R) N4000 CPU @ 1.10GHz
flags		: fpu vme de pse tsc msr pae mce cx8 apic sep mtrr pge mca cmov pat pse36 clflush dts acpi mmx fxsr sse sse2 ss ht tm pbe syscall nx pdpe1gb rdtscp lm constant_tsc art arch_perfmon pebs bts rep_good nopl xtopology nonstop_tsc cpuid aperfmperf tsc_known_freq pni pclmulqdq dtes64 monitor ds_cpl vmx est tm2 ssse3 sdbg cx16 xtpr pdcm sse4_1 sse4_2 x2apic movbe popcnt tsc_deadline_timer aes xsave rdrand lahf_lm 3dnowprefetch cpuid_fault cat_l2 pti cdp_l2 ssbd ibrs ibpb stibp ibrs_enhanced tpr_shadow vnmi flexpriority ept vpid fsgsbase tsc_adjust smep erms mpx rdt_a rdseed smap clflushopt intel_pt sha_ni xsaveopt xsavec xgetbv1 xsaves dtherm ida arat pln pts umip rdpid md_clear arch_capabilities

Memory: 4k page, physical 7711512k(113688k free), swap 1393948k(0k free)

vm_info: OpenJDK 64-Bit Server VM (11.0.7+10-post-Ubuntu-2ubuntu218.04) for linux-amd64 JRE (11.0.7+10-post-Ubuntu-2ubuntu218.04), built on Apr 15 2020 21:12:54 by "unknown" with gcc 7.5.0

END.
